[2024-01-22T19:55:18.650+0000] {processor.py:161} INFO - Started process (PID=58) to work on /opt/airflow/dags/welcome_dag2.py
[2024-01-22T19:55:18.656+0000] {processor.py:830} INFO - Processing file /opt/airflow/dags/welcome_dag2.py for tasks to queue
[2024-01-22T19:55:18.661+0000] {logging_mixin.py:188} INFO - [2024-01-22T19:55:18.660+0000] {dagbag.py:538} INFO - Filling up the DagBag from /opt/airflow/dags/welcome_dag2.py
[2024-01-22T19:55:18.955+0000] {processor.py:840} INFO - DAG(s) 'welcome_dag' retrieved from /opt/airflow/dags/welcome_dag2.py
[2024-01-22T19:55:19.912+0000] {logging_mixin.py:188} INFO - [2024-01-22T19:55:19.910+0000] {override.py:1769} INFO - Created Permission View: can delete on DAG:welcome_dag
[2024-01-22T19:55:20.098+0000] {logging_mixin.py:188} INFO - [2024-01-22T19:55:20.097+0000] {override.py:1769} INFO - Created Permission View: can read on DAG:welcome_dag
[2024-01-22T19:55:20.265+0000] {logging_mixin.py:188} INFO - [2024-01-22T19:55:20.264+0000] {override.py:1769} INFO - Created Permission View: can edit on DAG:welcome_dag
[2024-01-22T19:55:20.266+0000] {logging_mixin.py:188} INFO - [2024-01-22T19:55:20.266+0000] {dag.py:3036} INFO - Sync 1 DAGs
[2024-01-22T19:55:20.301+0000] {logging_mixin.py:188} INFO - [2024-01-22T19:55:20.301+0000] {dag.py:3058} INFO - Creating ORM DAG for welcome_dag
[2024-01-22T19:55:20.346+0000] {logging_mixin.py:188} INFO - [2024-01-22T19:55:20.345+0000] {dag.py:3823} INFO - Setting next_dagrun for welcome_dag to 2024-01-21 23:00:00+00:00, run_after=2024-01-22 23:00:00+00:00
[2024-01-22T19:55:20.601+0000] {processor.py:183} INFO - Processing /opt/airflow/dags/welcome_dag2.py took 1.986 seconds
[2024-01-22T19:55:51.489+0000] {processor.py:161} INFO - Started process (PID=67) to work on /opt/airflow/dags/welcome_dag2.py
[2024-01-22T19:55:51.533+0000] {processor.py:830} INFO - Processing file /opt/airflow/dags/welcome_dag2.py for tasks to queue
[2024-01-22T19:55:51.536+0000] {logging_mixin.py:188} INFO - [2024-01-22T19:55:51.535+0000] {dagbag.py:538} INFO - Filling up the DagBag from /opt/airflow/dags/welcome_dag2.py
[2024-01-22T19:55:51.639+0000] {processor.py:840} INFO - DAG(s) 'welcome_dag' retrieved from /opt/airflow/dags/welcome_dag2.py
[2024-01-22T19:55:51.904+0000] {logging_mixin.py:188} INFO - [2024-01-22T19:55:51.903+0000] {dag.py:3036} INFO - Sync 1 DAGs
[2024-01-22T19:55:52.054+0000] {logging_mixin.py:188} INFO - [2024-01-22T19:55:52.053+0000] {dag.py:3823} INFO - Setting next_dagrun for welcome_dag to 2024-01-21 23:00:00+00:00, run_after=2024-01-22 23:00:00+00:00
[2024-01-22T19:55:53.049+0000] {processor.py:183} INFO - Processing /opt/airflow/dags/welcome_dag2.py took 1.567 seconds
[2024-01-22T19:56:23.919+0000] {processor.py:161} INFO - Started process (PID=68) to work on /opt/airflow/dags/welcome_dag2.py
[2024-01-22T19:56:23.922+0000] {processor.py:830} INFO - Processing file /opt/airflow/dags/welcome_dag2.py for tasks to queue
[2024-01-22T19:56:23.925+0000] {logging_mixin.py:188} INFO - [2024-01-22T19:56:23.924+0000] {dagbag.py:538} INFO - Filling up the DagBag from /opt/airflow/dags/welcome_dag2.py
[2024-01-22T19:56:24.002+0000] {processor.py:840} INFO - DAG(s) 'welcome_dag' retrieved from /opt/airflow/dags/welcome_dag2.py
[2024-01-22T19:56:24.061+0000] {logging_mixin.py:188} INFO - [2024-01-22T19:56:24.061+0000] {dag.py:3036} INFO - Sync 1 DAGs
[2024-01-22T19:56:24.118+0000] {logging_mixin.py:188} INFO - [2024-01-22T19:56:24.118+0000] {dag.py:3823} INFO - Setting next_dagrun for welcome_dag to 2024-01-21 23:00:00+00:00, run_after=2024-01-22 23:00:00+00:00
[2024-01-22T19:56:24.668+0000] {processor.py:183} INFO - Processing /opt/airflow/dags/welcome_dag2.py took 0.757 seconds
[2024-01-22T19:56:55.635+0000] {processor.py:161} INFO - Started process (PID=70) to work on /opt/airflow/dags/welcome_dag2.py
[2024-01-22T19:56:55.701+0000] {processor.py:830} INFO - Processing file /opt/airflow/dags/welcome_dag2.py for tasks to queue
[2024-01-22T19:56:55.713+0000] {logging_mixin.py:188} INFO - [2024-01-22T19:56:55.712+0000] {dagbag.py:538} INFO - Filling up the DagBag from /opt/airflow/dags/welcome_dag2.py
[2024-01-22T19:56:56.230+0000] {processor.py:840} INFO - DAG(s) 'welcome_dag' retrieved from /opt/airflow/dags/welcome_dag2.py
[2024-01-22T19:56:57.262+0000] {logging_mixin.py:188} INFO - [2024-01-22T19:56:57.261+0000] {dag.py:3036} INFO - Sync 1 DAGs
[2024-01-22T19:56:57.580+0000] {logging_mixin.py:188} INFO - [2024-01-22T19:56:57.579+0000] {dag.py:3823} INFO - Setting next_dagrun for welcome_dag to 2024-01-21 23:00:00+00:00, run_after=2024-01-22 23:00:00+00:00
[2024-01-22T19:56:57.868+0000] {processor.py:183} INFO - Processing /opt/airflow/dags/welcome_dag2.py took 2.576 seconds
[2024-01-22T19:57:28.021+0000] {processor.py:161} INFO - Started process (PID=71) to work on /opt/airflow/dags/welcome_dag2.py
[2024-01-22T19:57:28.026+0000] {processor.py:830} INFO - Processing file /opt/airflow/dags/welcome_dag2.py for tasks to queue
[2024-01-22T19:57:28.029+0000] {logging_mixin.py:188} INFO - [2024-01-22T19:57:28.028+0000] {dagbag.py:538} INFO - Filling up the DagBag from /opt/airflow/dags/welcome_dag2.py
[2024-01-22T19:57:28.101+0000] {processor.py:840} INFO - DAG(s) 'welcome_dag' retrieved from /opt/airflow/dags/welcome_dag2.py
[2024-01-22T19:57:28.166+0000] {logging_mixin.py:188} INFO - [2024-01-22T19:57:28.166+0000] {dag.py:3036} INFO - Sync 1 DAGs
[2024-01-22T19:57:28.298+0000] {logging_mixin.py:188} INFO - [2024-01-22T19:57:28.297+0000] {dag.py:3823} INFO - Setting next_dagrun for welcome_dag to 2024-01-21 23:00:00+00:00, run_after=2024-01-22 23:00:00+00:00
[2024-01-22T19:57:28.510+0000] {processor.py:183} INFO - Processing /opt/airflow/dags/welcome_dag2.py took 0.498 seconds
[2024-01-22T19:57:59.677+0000] {processor.py:161} INFO - Started process (PID=72) to work on /opt/airflow/dags/welcome_dag2.py
[2024-01-22T19:57:59.680+0000] {processor.py:830} INFO - Processing file /opt/airflow/dags/welcome_dag2.py for tasks to queue
[2024-01-22T19:57:59.683+0000] {logging_mixin.py:188} INFO - [2024-01-22T19:57:59.682+0000] {dagbag.py:538} INFO - Filling up the DagBag from /opt/airflow/dags/welcome_dag2.py
[2024-01-22T19:57:59.950+0000] {processor.py:840} INFO - DAG(s) 'welcome_dag' retrieved from /opt/airflow/dags/welcome_dag2.py
[2024-01-22T19:58:01.085+0000] {logging_mixin.py:188} INFO - [2024-01-22T19:58:01.084+0000] {dag.py:3036} INFO - Sync 1 DAGs
[2024-01-22T19:58:01.626+0000] {logging_mixin.py:188} INFO - [2024-01-22T19:58:01.625+0000] {dag.py:3823} INFO - Setting next_dagrun for welcome_dag to 2024-01-21 23:00:00+00:00, run_after=2024-01-22 23:00:00+00:00
[2024-01-22T19:58:01.964+0000] {processor.py:183} INFO - Processing /opt/airflow/dags/welcome_dag2.py took 2.290 seconds
[2024-01-22T19:58:32.040+0000] {processor.py:161} INFO - Started process (PID=73) to work on /opt/airflow/dags/welcome_dag2.py
[2024-01-22T19:58:32.042+0000] {processor.py:830} INFO - Processing file /opt/airflow/dags/welcome_dag2.py for tasks to queue
[2024-01-22T19:58:32.043+0000] {logging_mixin.py:188} INFO - [2024-01-22T19:58:32.043+0000] {dagbag.py:538} INFO - Filling up the DagBag from /opt/airflow/dags/welcome_dag2.py
[2024-01-22T19:58:32.096+0000] {processor.py:840} INFO - DAG(s) 'welcome_dag' retrieved from /opt/airflow/dags/welcome_dag2.py
[2024-01-22T19:58:32.203+0000] {logging_mixin.py:188} INFO - [2024-01-22T19:58:32.203+0000] {dag.py:3036} INFO - Sync 1 DAGs
[2024-01-22T19:58:32.262+0000] {logging_mixin.py:188} INFO - [2024-01-22T19:58:32.261+0000] {dag.py:3823} INFO - Setting next_dagrun for welcome_dag to 2024-01-21 23:00:00+00:00, run_after=2024-01-22 23:00:00+00:00
[2024-01-22T19:58:32.633+0000] {processor.py:183} INFO - Processing /opt/airflow/dags/welcome_dag2.py took 0.597 seconds
[2024-01-22T19:59:02.914+0000] {processor.py:161} INFO - Started process (PID=74) to work on /opt/airflow/dags/welcome_dag2.py
[2024-01-22T19:59:02.918+0000] {processor.py:830} INFO - Processing file /opt/airflow/dags/welcome_dag2.py for tasks to queue
[2024-01-22T19:59:02.932+0000] {logging_mixin.py:188} INFO - [2024-01-22T19:59:02.929+0000] {dagbag.py:538} INFO - Filling up the DagBag from /opt/airflow/dags/welcome_dag2.py
[2024-01-22T19:59:03.085+0000] {processor.py:840} INFO - DAG(s) 'welcome_dag' retrieved from /opt/airflow/dags/welcome_dag2.py
[2024-01-22T19:59:03.338+0000] {logging_mixin.py:188} INFO - [2024-01-22T19:59:03.338+0000] {dag.py:3036} INFO - Sync 1 DAGs
[2024-01-22T19:59:03.412+0000] {logging_mixin.py:188} INFO - [2024-01-22T19:59:03.411+0000] {dag.py:3823} INFO - Setting next_dagrun for welcome_dag to 2024-01-21 23:00:00+00:00, run_after=2024-01-22 23:00:00+00:00
[2024-01-22T19:59:03.702+0000] {processor.py:183} INFO - Processing /opt/airflow/dags/welcome_dag2.py took 0.797 seconds
[2024-01-22T19:59:34.991+0000] {processor.py:161} INFO - Started process (PID=75) to work on /opt/airflow/dags/welcome_dag2.py
[2024-01-22T19:59:34.994+0000] {processor.py:830} INFO - Processing file /opt/airflow/dags/welcome_dag2.py for tasks to queue
[2024-01-22T19:59:34.996+0000] {logging_mixin.py:188} INFO - [2024-01-22T19:59:34.995+0000] {dagbag.py:538} INFO - Filling up the DagBag from /opt/airflow/dags/welcome_dag2.py
[2024-01-22T19:59:35.056+0000] {processor.py:840} INFO - DAG(s) 'welcome_dag' retrieved from /opt/airflow/dags/welcome_dag2.py
[2024-01-22T19:59:35.116+0000] {logging_mixin.py:188} INFO - [2024-01-22T19:59:35.115+0000] {dag.py:3036} INFO - Sync 1 DAGs
[2024-01-22T19:59:35.184+0000] {logging_mixin.py:188} INFO - [2024-01-22T19:59:35.183+0000] {dag.py:3823} INFO - Setting next_dagrun for welcome_dag to 2024-01-21 23:00:00+00:00, run_after=2024-01-22 23:00:00+00:00
[2024-01-22T19:59:35.445+0000] {processor.py:183} INFO - Processing /opt/airflow/dags/welcome_dag2.py took 0.468 seconds
[2024-01-22T20:00:06.860+0000] {processor.py:161} INFO - Started process (PID=76) to work on /opt/airflow/dags/welcome_dag2.py
[2024-01-22T20:00:06.862+0000] {processor.py:830} INFO - Processing file /opt/airflow/dags/welcome_dag2.py for tasks to queue
[2024-01-22T20:00:06.864+0000] {logging_mixin.py:188} INFO - [2024-01-22T20:00:06.863+0000] {dagbag.py:538} INFO - Filling up the DagBag from /opt/airflow/dags/welcome_dag2.py
[2024-01-22T20:00:06.925+0000] {processor.py:840} INFO - DAG(s) 'welcome_dag' retrieved from /opt/airflow/dags/welcome_dag2.py
[2024-01-22T20:00:06.973+0000] {logging_mixin.py:188} INFO - [2024-01-22T20:00:06.972+0000] {dag.py:3036} INFO - Sync 1 DAGs
[2024-01-22T20:00:07.051+0000] {logging_mixin.py:188} INFO - [2024-01-22T20:00:07.051+0000] {dag.py:3823} INFO - Setting next_dagrun for welcome_dag to 2024-01-21 23:00:00+00:00, run_after=2024-01-22 23:00:00+00:00
[2024-01-22T20:00:07.277+0000] {processor.py:183} INFO - Processing /opt/airflow/dags/welcome_dag2.py took 0.422 seconds
[2024-01-22T20:00:37.886+0000] {processor.py:161} INFO - Started process (PID=77) to work on /opt/airflow/dags/welcome_dag2.py
[2024-01-22T20:00:37.887+0000] {processor.py:830} INFO - Processing file /opt/airflow/dags/welcome_dag2.py for tasks to queue
[2024-01-22T20:00:37.889+0000] {logging_mixin.py:188} INFO - [2024-01-22T20:00:37.888+0000] {dagbag.py:538} INFO - Filling up the DagBag from /opt/airflow/dags/welcome_dag2.py
[2024-01-22T20:00:37.936+0000] {processor.py:840} INFO - DAG(s) 'welcome_dag' retrieved from /opt/airflow/dags/welcome_dag2.py
[2024-01-22T20:00:37.982+0000] {logging_mixin.py:188} INFO - [2024-01-22T20:00:37.981+0000] {dag.py:3036} INFO - Sync 1 DAGs
[2024-01-22T20:00:38.021+0000] {logging_mixin.py:188} INFO - [2024-01-22T20:00:38.021+0000] {dag.py:3823} INFO - Setting next_dagrun for welcome_dag to 2024-01-21 23:00:00+00:00, run_after=2024-01-22 23:00:00+00:00
[2024-01-22T20:00:38.317+0000] {processor.py:183} INFO - Processing /opt/airflow/dags/welcome_dag2.py took 0.435 seconds
[2024-01-22T20:01:08.933+0000] {processor.py:161} INFO - Started process (PID=78) to work on /opt/airflow/dags/welcome_dag2.py
[2024-01-22T20:01:08.935+0000] {processor.py:830} INFO - Processing file /opt/airflow/dags/welcome_dag2.py for tasks to queue
[2024-01-22T20:01:08.937+0000] {logging_mixin.py:188} INFO - [2024-01-22T20:01:08.937+0000] {dagbag.py:538} INFO - Filling up the DagBag from /opt/airflow/dags/welcome_dag2.py
[2024-01-22T20:01:09.012+0000] {processor.py:840} INFO - DAG(s) 'welcome_dag' retrieved from /opt/airflow/dags/welcome_dag2.py
[2024-01-22T20:01:09.069+0000] {logging_mixin.py:188} INFO - [2024-01-22T20:01:09.069+0000] {dag.py:3036} INFO - Sync 1 DAGs
[2024-01-22T20:01:09.142+0000] {logging_mixin.py:188} INFO - [2024-01-22T20:01:09.141+0000] {dag.py:3823} INFO - Setting next_dagrun for welcome_dag to 2024-01-21 23:00:00+00:00, run_after=2024-01-22 23:00:00+00:00
[2024-01-22T20:01:09.497+0000] {processor.py:183} INFO - Processing /opt/airflow/dags/welcome_dag2.py took 0.568 seconds
[2024-01-22T20:01:39.762+0000] {processor.py:161} INFO - Started process (PID=79) to work on /opt/airflow/dags/welcome_dag2.py
[2024-01-22T20:01:39.764+0000] {processor.py:830} INFO - Processing file /opt/airflow/dags/welcome_dag2.py for tasks to queue
[2024-01-22T20:01:39.766+0000] {logging_mixin.py:188} INFO - [2024-01-22T20:01:39.765+0000] {dagbag.py:538} INFO - Filling up the DagBag from /opt/airflow/dags/welcome_dag2.py
[2024-01-22T20:01:39.812+0000] {processor.py:840} INFO - DAG(s) 'welcome_dag' retrieved from /opt/airflow/dags/welcome_dag2.py
[2024-01-22T20:01:39.860+0000] {logging_mixin.py:188} INFO - [2024-01-22T20:01:39.859+0000] {dag.py:3036} INFO - Sync 1 DAGs
[2024-01-22T20:01:39.911+0000] {logging_mixin.py:188} INFO - [2024-01-22T20:01:39.910+0000] {dag.py:3823} INFO - Setting next_dagrun for welcome_dag to 2024-01-21 23:00:00+00:00, run_after=2024-01-22 23:00:00+00:00
[2024-01-22T20:01:40.239+0000] {processor.py:183} INFO - Processing /opt/airflow/dags/welcome_dag2.py took 0.480 seconds
[2024-01-22T20:02:10.681+0000] {processor.py:161} INFO - Started process (PID=80) to work on /opt/airflow/dags/welcome_dag2.py
[2024-01-22T20:02:10.683+0000] {processor.py:830} INFO - Processing file /opt/airflow/dags/welcome_dag2.py for tasks to queue
[2024-01-22T20:02:10.686+0000] {logging_mixin.py:188} INFO - [2024-01-22T20:02:10.685+0000] {dagbag.py:538} INFO - Filling up the DagBag from /opt/airflow/dags/welcome_dag2.py
[2024-01-22T20:02:10.737+0000] {processor.py:840} INFO - DAG(s) 'welcome_dag' retrieved from /opt/airflow/dags/welcome_dag2.py
[2024-01-22T20:02:10.781+0000] {logging_mixin.py:188} INFO - [2024-01-22T20:02:10.781+0000] {dag.py:3036} INFO - Sync 1 DAGs
[2024-01-22T20:02:10.820+0000] {logging_mixin.py:188} INFO - [2024-01-22T20:02:10.820+0000] {dag.py:3823} INFO - Setting next_dagrun for welcome_dag to 2024-01-21 23:00:00+00:00, run_after=2024-01-22 23:00:00+00:00
[2024-01-22T20:02:11.132+0000] {processor.py:183} INFO - Processing /opt/airflow/dags/welcome_dag2.py took 0.456 seconds
[2024-01-22T20:02:41.376+0000] {processor.py:161} INFO - Started process (PID=81) to work on /opt/airflow/dags/welcome_dag2.py
[2024-01-22T20:02:41.378+0000] {processor.py:830} INFO - Processing file /opt/airflow/dags/welcome_dag2.py for tasks to queue
[2024-01-22T20:02:41.380+0000] {logging_mixin.py:188} INFO - [2024-01-22T20:02:41.379+0000] {dagbag.py:538} INFO - Filling up the DagBag from /opt/airflow/dags/welcome_dag2.py
[2024-01-22T20:02:41.468+0000] {processor.py:840} INFO - DAG(s) 'welcome_dag' retrieved from /opt/airflow/dags/welcome_dag2.py
[2024-01-22T20:02:41.516+0000] {logging_mixin.py:188} INFO - [2024-01-22T20:02:41.515+0000] {dag.py:3036} INFO - Sync 1 DAGs
[2024-01-22T20:02:41.556+0000] {logging_mixin.py:188} INFO - [2024-01-22T20:02:41.556+0000] {dag.py:3823} INFO - Setting next_dagrun for welcome_dag to 2024-01-21 23:00:00+00:00, run_after=2024-01-22 23:00:00+00:00
[2024-01-22T20:02:41.756+0000] {processor.py:183} INFO - Processing /opt/airflow/dags/welcome_dag2.py took 0.384 seconds
[2024-01-22T20:03:12.198+0000] {processor.py:161} INFO - Started process (PID=82) to work on /opt/airflow/dags/welcome_dag2.py
[2024-01-22T20:03:12.200+0000] {processor.py:830} INFO - Processing file /opt/airflow/dags/welcome_dag2.py for tasks to queue
[2024-01-22T20:03:12.203+0000] {logging_mixin.py:188} INFO - [2024-01-22T20:03:12.202+0000] {dagbag.py:538} INFO - Filling up the DagBag from /opt/airflow/dags/welcome_dag2.py
[2024-01-22T20:03:12.250+0000] {processor.py:840} INFO - DAG(s) 'welcome_dag' retrieved from /opt/airflow/dags/welcome_dag2.py
[2024-01-22T20:03:12.301+0000] {logging_mixin.py:188} INFO - [2024-01-22T20:03:12.301+0000] {dag.py:3036} INFO - Sync 1 DAGs
[2024-01-22T20:03:12.343+0000] {logging_mixin.py:188} INFO - [2024-01-22T20:03:12.343+0000] {dag.py:3823} INFO - Setting next_dagrun for welcome_dag to 2024-01-21 23:00:00+00:00, run_after=2024-01-22 23:00:00+00:00
[2024-01-22T20:03:12.588+0000] {processor.py:183} INFO - Processing /opt/airflow/dags/welcome_dag2.py took 0.395 seconds
[2024-01-22T20:03:43.065+0000] {processor.py:161} INFO - Started process (PID=83) to work on /opt/airflow/dags/welcome_dag2.py
[2024-01-22T20:03:43.067+0000] {processor.py:830} INFO - Processing file /opt/airflow/dags/welcome_dag2.py for tasks to queue
[2024-01-22T20:03:43.069+0000] {logging_mixin.py:188} INFO - [2024-01-22T20:03:43.068+0000] {dagbag.py:538} INFO - Filling up the DagBag from /opt/airflow/dags/welcome_dag2.py
[2024-01-22T20:03:43.123+0000] {processor.py:840} INFO - DAG(s) 'welcome_dag' retrieved from /opt/airflow/dags/welcome_dag2.py
[2024-01-22T20:03:43.169+0000] {logging_mixin.py:188} INFO - [2024-01-22T20:03:43.169+0000] {dag.py:3036} INFO - Sync 1 DAGs
[2024-01-22T20:03:43.212+0000] {logging_mixin.py:188} INFO - [2024-01-22T20:03:43.211+0000] {dag.py:3823} INFO - Setting next_dagrun for welcome_dag to 2024-01-21 23:00:00+00:00, run_after=2024-01-22 23:00:00+00:00
[2024-01-22T20:03:43.494+0000] {processor.py:183} INFO - Processing /opt/airflow/dags/welcome_dag2.py took 0.434 seconds
[2024-01-22T20:04:14.108+0000] {processor.py:161} INFO - Started process (PID=84) to work on /opt/airflow/dags/welcome_dag2.py
[2024-01-22T20:04:14.110+0000] {processor.py:830} INFO - Processing file /opt/airflow/dags/welcome_dag2.py for tasks to queue
[2024-01-22T20:04:14.111+0000] {logging_mixin.py:188} INFO - [2024-01-22T20:04:14.111+0000] {dagbag.py:538} INFO - Filling up the DagBag from /opt/airflow/dags/welcome_dag2.py
[2024-01-22T20:04:14.152+0000] {processor.py:840} INFO - DAG(s) 'welcome_dag' retrieved from /opt/airflow/dags/welcome_dag2.py
[2024-01-22T20:04:14.193+0000] {logging_mixin.py:188} INFO - [2024-01-22T20:04:14.193+0000] {dag.py:3036} INFO - Sync 1 DAGs
[2024-01-22T20:04:14.249+0000] {logging_mixin.py:188} INFO - [2024-01-22T20:04:14.249+0000] {dag.py:3823} INFO - Setting next_dagrun for welcome_dag to 2024-01-21 23:00:00+00:00, run_after=2024-01-22 23:00:00+00:00
[2024-01-22T20:04:14.573+0000] {processor.py:183} INFO - Processing /opt/airflow/dags/welcome_dag2.py took 0.469 seconds
[2024-01-22T20:04:44.996+0000] {processor.py:161} INFO - Started process (PID=85) to work on /opt/airflow/dags/welcome_dag2.py
[2024-01-22T20:04:44.999+0000] {processor.py:830} INFO - Processing file /opt/airflow/dags/welcome_dag2.py for tasks to queue
[2024-01-22T20:04:45.003+0000] {logging_mixin.py:188} INFO - [2024-01-22T20:04:45.002+0000] {dagbag.py:538} INFO - Filling up the DagBag from /opt/airflow/dags/welcome_dag2.py
[2024-01-22T20:04:45.063+0000] {processor.py:840} INFO - DAG(s) 'welcome_dag' retrieved from /opt/airflow/dags/welcome_dag2.py
[2024-01-22T20:04:45.118+0000] {logging_mixin.py:188} INFO - [2024-01-22T20:04:45.118+0000] {dag.py:3036} INFO - Sync 1 DAGs
[2024-01-22T20:04:45.168+0000] {logging_mixin.py:188} INFO - [2024-01-22T20:04:45.167+0000] {dag.py:3823} INFO - Setting next_dagrun for welcome_dag to 2024-01-21 23:00:00+00:00, run_after=2024-01-22 23:00:00+00:00
[2024-01-22T20:04:45.425+0000] {processor.py:183} INFO - Processing /opt/airflow/dags/welcome_dag2.py took 0.438 seconds
[2024-01-22T20:05:15.826+0000] {processor.py:161} INFO - Started process (PID=86) to work on /opt/airflow/dags/welcome_dag2.py
[2024-01-22T20:05:15.828+0000] {processor.py:830} INFO - Processing file /opt/airflow/dags/welcome_dag2.py for tasks to queue
[2024-01-22T20:05:15.829+0000] {logging_mixin.py:188} INFO - [2024-01-22T20:05:15.829+0000] {dagbag.py:538} INFO - Filling up the DagBag from /opt/airflow/dags/welcome_dag2.py
[2024-01-22T20:05:15.877+0000] {processor.py:840} INFO - DAG(s) 'welcome_dag' retrieved from /opt/airflow/dags/welcome_dag2.py
[2024-01-22T20:05:15.925+0000] {logging_mixin.py:188} INFO - [2024-01-22T20:05:15.925+0000] {dag.py:3036} INFO - Sync 1 DAGs
[2024-01-22T20:05:15.967+0000] {logging_mixin.py:188} INFO - [2024-01-22T20:05:15.967+0000] {dag.py:3823} INFO - Setting next_dagrun for welcome_dag to 2024-01-21 23:00:00+00:00, run_after=2024-01-22 23:00:00+00:00
[2024-01-22T20:05:16.209+0000] {processor.py:183} INFO - Processing /opt/airflow/dags/welcome_dag2.py took 0.387 seconds
[2024-01-22T20:05:46.624+0000] {processor.py:161} INFO - Started process (PID=87) to work on /opt/airflow/dags/welcome_dag2.py
[2024-01-22T20:05:46.626+0000] {processor.py:830} INFO - Processing file /opt/airflow/dags/welcome_dag2.py for tasks to queue
[2024-01-22T20:05:46.628+0000] {logging_mixin.py:188} INFO - [2024-01-22T20:05:46.628+0000] {dagbag.py:538} INFO - Filling up the DagBag from /opt/airflow/dags/welcome_dag2.py
[2024-01-22T20:05:46.693+0000] {processor.py:840} INFO - DAG(s) 'welcome_dag' retrieved from /opt/airflow/dags/welcome_dag2.py
[2024-01-22T20:05:46.744+0000] {logging_mixin.py:188} INFO - [2024-01-22T20:05:46.743+0000] {dag.py:3036} INFO - Sync 1 DAGs
[2024-01-22T20:05:46.783+0000] {logging_mixin.py:188} INFO - [2024-01-22T20:05:46.783+0000] {dag.py:3823} INFO - Setting next_dagrun for welcome_dag to 2024-01-21 23:00:00+00:00, run_after=2024-01-22 23:00:00+00:00
[2024-01-22T20:05:47.057+0000] {processor.py:183} INFO - Processing /opt/airflow/dags/welcome_dag2.py took 0.437 seconds
[2024-01-22T20:06:17.710+0000] {processor.py:161} INFO - Started process (PID=88) to work on /opt/airflow/dags/welcome_dag2.py
[2024-01-22T20:06:17.715+0000] {processor.py:830} INFO - Processing file /opt/airflow/dags/welcome_dag2.py for tasks to queue
[2024-01-22T20:06:17.717+0000] {logging_mixin.py:188} INFO - [2024-01-22T20:06:17.716+0000] {dagbag.py:538} INFO - Filling up the DagBag from /opt/airflow/dags/welcome_dag2.py
[2024-01-22T20:06:17.791+0000] {processor.py:840} INFO - DAG(s) 'welcome_dag' retrieved from /opt/airflow/dags/welcome_dag2.py
[2024-01-22T20:06:17.869+0000] {logging_mixin.py:188} INFO - [2024-01-22T20:06:17.868+0000] {dag.py:3036} INFO - Sync 1 DAGs
[2024-01-22T20:06:18.231+0000] {logging_mixin.py:188} INFO - [2024-01-22T20:06:18.231+0000] {dag.py:3823} INFO - Setting next_dagrun for welcome_dag to 2024-01-21 23:00:00+00:00, run_after=2024-01-22 23:00:00+00:00
[2024-01-22T20:06:18.439+0000] {processor.py:183} INFO - Processing /opt/airflow/dags/welcome_dag2.py took 0.733 seconds
[2024-01-22T20:06:48.855+0000] {processor.py:161} INFO - Started process (PID=89) to work on /opt/airflow/dags/welcome_dag2.py
[2024-01-22T20:06:48.857+0000] {processor.py:830} INFO - Processing file /opt/airflow/dags/welcome_dag2.py for tasks to queue
[2024-01-22T20:06:48.860+0000] {logging_mixin.py:188} INFO - [2024-01-22T20:06:48.858+0000] {dagbag.py:538} INFO - Filling up the DagBag from /opt/airflow/dags/welcome_dag2.py
[2024-01-22T20:06:48.914+0000] {processor.py:840} INFO - DAG(s) 'welcome_dag' retrieved from /opt/airflow/dags/welcome_dag2.py
[2024-01-22T20:06:48.959+0000] {logging_mixin.py:188} INFO - [2024-01-22T20:06:48.958+0000] {dag.py:3036} INFO - Sync 1 DAGs
[2024-01-22T20:06:49.007+0000] {logging_mixin.py:188} INFO - [2024-01-22T20:06:49.006+0000] {dag.py:3823} INFO - Setting next_dagrun for welcome_dag to 2024-01-21 23:00:00+00:00, run_after=2024-01-22 23:00:00+00:00
[2024-01-22T20:06:49.304+0000] {processor.py:183} INFO - Processing /opt/airflow/dags/welcome_dag2.py took 0.454 seconds
[2024-01-22T20:07:19.740+0000] {processor.py:161} INFO - Started process (PID=90) to work on /opt/airflow/dags/welcome_dag2.py
[2024-01-22T20:07:19.742+0000] {processor.py:830} INFO - Processing file /opt/airflow/dags/welcome_dag2.py for tasks to queue
[2024-01-22T20:07:19.744+0000] {logging_mixin.py:188} INFO - [2024-01-22T20:07:19.744+0000] {dagbag.py:538} INFO - Filling up the DagBag from /opt/airflow/dags/welcome_dag2.py
[2024-01-22T20:07:19.805+0000] {processor.py:840} INFO - DAG(s) 'welcome_dag' retrieved from /opt/airflow/dags/welcome_dag2.py
[2024-01-22T20:07:19.860+0000] {logging_mixin.py:188} INFO - [2024-01-22T20:07:19.859+0000] {dag.py:3036} INFO - Sync 1 DAGs
[2024-01-22T20:07:19.911+0000] {logging_mixin.py:188} INFO - [2024-01-22T20:07:19.910+0000] {dag.py:3823} INFO - Setting next_dagrun for welcome_dag to 2024-01-21 23:00:00+00:00, run_after=2024-01-22 23:00:00+00:00
[2024-01-22T20:07:20.133+0000] {processor.py:183} INFO - Processing /opt/airflow/dags/welcome_dag2.py took 0.399 seconds
[2024-01-22T20:07:50.445+0000] {processor.py:161} INFO - Started process (PID=91) to work on /opt/airflow/dags/welcome_dag2.py
[2024-01-22T20:07:50.454+0000] {processor.py:830} INFO - Processing file /opt/airflow/dags/welcome_dag2.py for tasks to queue
[2024-01-22T20:07:50.458+0000] {logging_mixin.py:188} INFO - [2024-01-22T20:07:50.457+0000] {dagbag.py:538} INFO - Filling up the DagBag from /opt/airflow/dags/welcome_dag2.py
[2024-01-22T20:07:50.589+0000] {processor.py:840} INFO - DAG(s) 'welcome_dag' retrieved from /opt/airflow/dags/welcome_dag2.py
[2024-01-22T20:07:50.728+0000] {logging_mixin.py:188} INFO - [2024-01-22T20:07:50.728+0000] {dag.py:3036} INFO - Sync 1 DAGs
[2024-01-22T20:07:50.826+0000] {logging_mixin.py:188} INFO - [2024-01-22T20:07:50.826+0000] {dag.py:3823} INFO - Setting next_dagrun for welcome_dag to 2024-01-21 23:00:00+00:00, run_after=2024-01-22 23:00:00+00:00
[2024-01-22T20:07:51.052+0000] {processor.py:183} INFO - Processing /opt/airflow/dags/welcome_dag2.py took 0.632 seconds
[2024-01-22T20:08:21.650+0000] {processor.py:161} INFO - Started process (PID=92) to work on /opt/airflow/dags/welcome_dag2.py
[2024-01-22T20:08:21.652+0000] {processor.py:830} INFO - Processing file /opt/airflow/dags/welcome_dag2.py for tasks to queue
[2024-01-22T20:08:21.654+0000] {logging_mixin.py:188} INFO - [2024-01-22T20:08:21.654+0000] {dagbag.py:538} INFO - Filling up the DagBag from /opt/airflow/dags/welcome_dag2.py
[2024-01-22T20:08:21.702+0000] {processor.py:840} INFO - DAG(s) 'welcome_dag' retrieved from /opt/airflow/dags/welcome_dag2.py
[2024-01-22T20:08:21.762+0000] {logging_mixin.py:188} INFO - [2024-01-22T20:08:21.761+0000] {dag.py:3036} INFO - Sync 1 DAGs
[2024-01-22T20:08:21.801+0000] {logging_mixin.py:188} INFO - [2024-01-22T20:08:21.801+0000] {dag.py:3823} INFO - Setting next_dagrun for welcome_dag to 2024-01-21 23:00:00+00:00, run_after=2024-01-22 23:00:00+00:00
[2024-01-22T20:08:22.047+0000] {processor.py:183} INFO - Processing /opt/airflow/dags/welcome_dag2.py took 0.402 seconds
[2024-01-22T20:08:52.467+0000] {processor.py:161} INFO - Started process (PID=93) to work on /opt/airflow/dags/welcome_dag2.py
[2024-01-22T20:08:52.470+0000] {processor.py:830} INFO - Processing file /opt/airflow/dags/welcome_dag2.py for tasks to queue
[2024-01-22T20:08:52.472+0000] {logging_mixin.py:188} INFO - [2024-01-22T20:08:52.471+0000] {dagbag.py:538} INFO - Filling up the DagBag from /opt/airflow/dags/welcome_dag2.py
[2024-01-22T20:08:52.530+0000] {processor.py:840} INFO - DAG(s) 'welcome_dag' retrieved from /opt/airflow/dags/welcome_dag2.py
[2024-01-22T20:08:52.586+0000] {logging_mixin.py:188} INFO - [2024-01-22T20:08:52.585+0000] {dag.py:3036} INFO - Sync 1 DAGs
[2024-01-22T20:08:52.678+0000] {logging_mixin.py:188} INFO - [2024-01-22T20:08:52.678+0000] {dag.py:3823} INFO - Setting next_dagrun for welcome_dag to 2024-01-21 23:00:00+00:00, run_after=2024-01-22 23:00:00+00:00
[2024-01-22T20:08:52.963+0000] {processor.py:183} INFO - Processing /opt/airflow/dags/welcome_dag2.py took 0.501 seconds
[2024-01-22T20:09:23.204+0000] {processor.py:161} INFO - Started process (PID=94) to work on /opt/airflow/dags/welcome_dag2.py
[2024-01-22T20:09:23.206+0000] {processor.py:830} INFO - Processing file /opt/airflow/dags/welcome_dag2.py for tasks to queue
[2024-01-22T20:09:23.208+0000] {logging_mixin.py:188} INFO - [2024-01-22T20:09:23.207+0000] {dagbag.py:538} INFO - Filling up the DagBag from /opt/airflow/dags/welcome_dag2.py
[2024-01-22T20:09:23.258+0000] {processor.py:840} INFO - DAG(s) 'welcome_dag' retrieved from /opt/airflow/dags/welcome_dag2.py
[2024-01-22T20:09:23.312+0000] {logging_mixin.py:188} INFO - [2024-01-22T20:09:23.312+0000] {dag.py:3036} INFO - Sync 1 DAGs
[2024-01-22T20:09:23.362+0000] {logging_mixin.py:188} INFO - [2024-01-22T20:09:23.362+0000] {dag.py:3823} INFO - Setting next_dagrun for welcome_dag to 2024-01-21 23:00:00+00:00, run_after=2024-01-22 23:00:00+00:00
[2024-01-22T20:09:23.764+0000] {processor.py:183} INFO - Processing /opt/airflow/dags/welcome_dag2.py took 0.565 seconds
[2024-01-22T20:09:54.130+0000] {processor.py:161} INFO - Started process (PID=95) to work on /opt/airflow/dags/welcome_dag2.py
[2024-01-22T20:09:54.131+0000] {processor.py:830} INFO - Processing file /opt/airflow/dags/welcome_dag2.py for tasks to queue
[2024-01-22T20:09:54.133+0000] {logging_mixin.py:188} INFO - [2024-01-22T20:09:54.132+0000] {dagbag.py:538} INFO - Filling up the DagBag from /opt/airflow/dags/welcome_dag2.py
[2024-01-22T20:09:54.185+0000] {processor.py:840} INFO - DAG(s) 'welcome_dag' retrieved from /opt/airflow/dags/welcome_dag2.py
[2024-01-22T20:09:54.228+0000] {logging_mixin.py:188} INFO - [2024-01-22T20:09:54.227+0000] {dag.py:3036} INFO - Sync 1 DAGs
[2024-01-22T20:09:54.273+0000] {logging_mixin.py:188} INFO - [2024-01-22T20:09:54.272+0000] {dag.py:3823} INFO - Setting next_dagrun for welcome_dag to 2024-01-21 23:00:00+00:00, run_after=2024-01-22 23:00:00+00:00
[2024-01-22T20:09:54.483+0000] {processor.py:183} INFO - Processing /opt/airflow/dags/welcome_dag2.py took 0.357 seconds
[2024-01-22T20:10:24.787+0000] {processor.py:161} INFO - Started process (PID=96) to work on /opt/airflow/dags/welcome_dag2.py
[2024-01-22T20:10:24.790+0000] {processor.py:830} INFO - Processing file /opt/airflow/dags/welcome_dag2.py for tasks to queue
[2024-01-22T20:10:24.793+0000] {logging_mixin.py:188} INFO - [2024-01-22T20:10:24.792+0000] {dagbag.py:538} INFO - Filling up the DagBag from /opt/airflow/dags/welcome_dag2.py
[2024-01-22T20:10:24.855+0000] {processor.py:840} INFO - DAG(s) 'welcome_dag' retrieved from /opt/airflow/dags/welcome_dag2.py
[2024-01-22T20:10:24.901+0000] {logging_mixin.py:188} INFO - [2024-01-22T20:10:24.901+0000] {dag.py:3036} INFO - Sync 1 DAGs
[2024-01-22T20:10:24.945+0000] {logging_mixin.py:188} INFO - [2024-01-22T20:10:24.945+0000] {dag.py:3823} INFO - Setting next_dagrun for welcome_dag to 2024-01-21 23:00:00+00:00, run_after=2024-01-22 23:00:00+00:00
[2024-01-22T20:10:25.193+0000] {processor.py:183} INFO - Processing /opt/airflow/dags/welcome_dag2.py took 0.410 seconds
[2024-01-22T20:10:55.376+0000] {processor.py:161} INFO - Started process (PID=97) to work on /opt/airflow/dags/welcome_dag2.py
[2024-01-22T20:10:55.378+0000] {processor.py:830} INFO - Processing file /opt/airflow/dags/welcome_dag2.py for tasks to queue
[2024-01-22T20:10:55.379+0000] {logging_mixin.py:188} INFO - [2024-01-22T20:10:55.379+0000] {dagbag.py:538} INFO - Filling up the DagBag from /opt/airflow/dags/welcome_dag2.py
[2024-01-22T20:10:55.423+0000] {processor.py:840} INFO - DAG(s) 'welcome_dag' retrieved from /opt/airflow/dags/welcome_dag2.py
[2024-01-22T20:10:55.476+0000] {logging_mixin.py:188} INFO - [2024-01-22T20:10:55.475+0000] {dag.py:3036} INFO - Sync 1 DAGs
[2024-01-22T20:10:55.536+0000] {logging_mixin.py:188} INFO - [2024-01-22T20:10:55.535+0000] {dag.py:3823} INFO - Setting next_dagrun for welcome_dag to 2024-01-21 23:00:00+00:00, run_after=2024-01-22 23:00:00+00:00
[2024-01-22T20:10:55.728+0000] {processor.py:183} INFO - Processing /opt/airflow/dags/welcome_dag2.py took 0.357 seconds
[2024-01-22T20:11:26.192+0000] {processor.py:161} INFO - Started process (PID=98) to work on /opt/airflow/dags/welcome_dag2.py
[2024-01-22T20:11:26.195+0000] {processor.py:830} INFO - Processing file /opt/airflow/dags/welcome_dag2.py for tasks to queue
[2024-01-22T20:11:26.197+0000] {logging_mixin.py:188} INFO - [2024-01-22T20:11:26.196+0000] {dagbag.py:538} INFO - Filling up the DagBag from /opt/airflow/dags/welcome_dag2.py
[2024-01-22T20:11:26.257+0000] {processor.py:840} INFO - DAG(s) 'welcome_dag' retrieved from /opt/airflow/dags/welcome_dag2.py
[2024-01-22T20:11:26.358+0000] {logging_mixin.py:188} INFO - [2024-01-22T20:11:26.357+0000] {dag.py:3036} INFO - Sync 1 DAGs
[2024-01-22T20:11:26.432+0000] {logging_mixin.py:188} INFO - [2024-01-22T20:11:26.431+0000] {dag.py:3823} INFO - Setting next_dagrun for welcome_dag to 2024-01-21 23:00:00+00:00, run_after=2024-01-22 23:00:00+00:00
[2024-01-22T20:11:26.641+0000] {processor.py:183} INFO - Processing /opt/airflow/dags/welcome_dag2.py took 0.456 seconds
[2024-01-22T20:11:56.999+0000] {processor.py:161} INFO - Started process (PID=99) to work on /opt/airflow/dags/welcome_dag2.py
[2024-01-22T20:11:57.001+0000] {processor.py:830} INFO - Processing file /opt/airflow/dags/welcome_dag2.py for tasks to queue
[2024-01-22T20:11:57.002+0000] {logging_mixin.py:188} INFO - [2024-01-22T20:11:57.002+0000] {dagbag.py:538} INFO - Filling up the DagBag from /opt/airflow/dags/welcome_dag2.py
[2024-01-22T20:11:57.049+0000] {processor.py:840} INFO - DAG(s) 'welcome_dag' retrieved from /opt/airflow/dags/welcome_dag2.py
[2024-01-22T20:11:57.096+0000] {logging_mixin.py:188} INFO - [2024-01-22T20:11:57.095+0000] {dag.py:3036} INFO - Sync 1 DAGs
[2024-01-22T20:11:57.145+0000] {logging_mixin.py:188} INFO - [2024-01-22T20:11:57.144+0000] {dag.py:3823} INFO - Setting next_dagrun for welcome_dag to 2024-01-21 23:00:00+00:00, run_after=2024-01-22 23:00:00+00:00
[2024-01-22T20:11:57.407+0000] {processor.py:183} INFO - Processing /opt/airflow/dags/welcome_dag2.py took 0.412 seconds
[2024-01-22T20:12:27.746+0000] {processor.py:161} INFO - Started process (PID=100) to work on /opt/airflow/dags/welcome_dag2.py
[2024-01-22T20:12:27.747+0000] {processor.py:830} INFO - Processing file /opt/airflow/dags/welcome_dag2.py for tasks to queue
[2024-01-22T20:12:27.749+0000] {logging_mixin.py:188} INFO - [2024-01-22T20:12:27.748+0000] {dagbag.py:538} INFO - Filling up the DagBag from /opt/airflow/dags/welcome_dag2.py
[2024-01-22T20:12:27.801+0000] {processor.py:840} INFO - DAG(s) 'welcome_dag' retrieved from /opt/airflow/dags/welcome_dag2.py
[2024-01-22T20:12:27.848+0000] {logging_mixin.py:188} INFO - [2024-01-22T20:12:27.848+0000] {dag.py:3036} INFO - Sync 1 DAGs
[2024-01-22T20:12:27.898+0000] {logging_mixin.py:188} INFO - [2024-01-22T20:12:27.898+0000] {dag.py:3823} INFO - Setting next_dagrun for welcome_dag to 2024-01-21 23:00:00+00:00, run_after=2024-01-22 23:00:00+00:00
[2024-01-22T20:12:28.486+0000] {processor.py:183} INFO - Processing /opt/airflow/dags/welcome_dag2.py took 0.743 seconds
[2024-01-22T20:12:58.927+0000] {processor.py:161} INFO - Started process (PID=101) to work on /opt/airflow/dags/welcome_dag2.py
[2024-01-22T20:12:58.930+0000] {processor.py:830} INFO - Processing file /opt/airflow/dags/welcome_dag2.py for tasks to queue
[2024-01-22T20:12:58.932+0000] {logging_mixin.py:188} INFO - [2024-01-22T20:12:58.932+0000] {dagbag.py:538} INFO - Filling up the DagBag from /opt/airflow/dags/welcome_dag2.py
[2024-01-22T20:12:58.993+0000] {processor.py:840} INFO - DAG(s) 'welcome_dag' retrieved from /opt/airflow/dags/welcome_dag2.py
[2024-01-22T20:12:59.062+0000] {logging_mixin.py:188} INFO - [2024-01-22T20:12:59.062+0000] {dag.py:3036} INFO - Sync 1 DAGs
[2024-01-22T20:12:59.158+0000] {logging_mixin.py:188} INFO - [2024-01-22T20:12:59.158+0000] {dag.py:3823} INFO - Setting next_dagrun for welcome_dag to 2024-01-21 23:00:00+00:00, run_after=2024-01-22 23:00:00+00:00
[2024-01-22T20:12:59.508+0000] {processor.py:183} INFO - Processing /opt/airflow/dags/welcome_dag2.py took 0.586 seconds
[2024-01-22T20:13:30.011+0000] {processor.py:161} INFO - Started process (PID=102) to work on /opt/airflow/dags/welcome_dag2.py
[2024-01-22T20:13:30.013+0000] {processor.py:830} INFO - Processing file /opt/airflow/dags/welcome_dag2.py for tasks to queue
[2024-01-22T20:13:30.015+0000] {logging_mixin.py:188} INFO - [2024-01-22T20:13:30.014+0000] {dagbag.py:538} INFO - Filling up the DagBag from /opt/airflow/dags/welcome_dag2.py
[2024-01-22T20:13:30.066+0000] {processor.py:840} INFO - DAG(s) 'welcome_dag' retrieved from /opt/airflow/dags/welcome_dag2.py
[2024-01-22T20:13:30.112+0000] {logging_mixin.py:188} INFO - [2024-01-22T20:13:30.112+0000] {dag.py:3036} INFO - Sync 1 DAGs
[2024-01-22T20:13:30.153+0000] {logging_mixin.py:188} INFO - [2024-01-22T20:13:30.153+0000] {dag.py:3823} INFO - Setting next_dagrun for welcome_dag to 2024-01-21 23:00:00+00:00, run_after=2024-01-22 23:00:00+00:00
[2024-01-22T20:13:30.431+0000] {processor.py:183} INFO - Processing /opt/airflow/dags/welcome_dag2.py took 0.425 seconds
[2024-01-22T20:14:00.852+0000] {processor.py:161} INFO - Started process (PID=103) to work on /opt/airflow/dags/welcome_dag2.py
[2024-01-22T20:14:00.854+0000] {processor.py:830} INFO - Processing file /opt/airflow/dags/welcome_dag2.py for tasks to queue
[2024-01-22T20:14:00.856+0000] {logging_mixin.py:188} INFO - [2024-01-22T20:14:00.856+0000] {dagbag.py:538} INFO - Filling up the DagBag from /opt/airflow/dags/welcome_dag2.py
[2024-01-22T20:14:00.901+0000] {processor.py:840} INFO - DAG(s) 'welcome_dag' retrieved from /opt/airflow/dags/welcome_dag2.py
[2024-01-22T20:14:00.946+0000] {logging_mixin.py:188} INFO - [2024-01-22T20:14:00.945+0000] {dag.py:3036} INFO - Sync 1 DAGs
[2024-01-22T20:14:00.997+0000] {logging_mixin.py:188} INFO - [2024-01-22T20:14:00.997+0000] {dag.py:3823} INFO - Setting next_dagrun for welcome_dag to 2024-01-21 23:00:00+00:00, run_after=2024-01-22 23:00:00+00:00
[2024-01-22T20:14:01.280+0000] {processor.py:183} INFO - Processing /opt/airflow/dags/welcome_dag2.py took 0.434 seconds
[2024-01-22T20:14:31.733+0000] {processor.py:161} INFO - Started process (PID=104) to work on /opt/airflow/dags/welcome_dag2.py
[2024-01-22T20:14:31.735+0000] {processor.py:830} INFO - Processing file /opt/airflow/dags/welcome_dag2.py for tasks to queue
[2024-01-22T20:14:31.738+0000] {logging_mixin.py:188} INFO - [2024-01-22T20:14:31.737+0000] {dagbag.py:538} INFO - Filling up the DagBag from /opt/airflow/dags/welcome_dag2.py
[2024-01-22T20:14:31.795+0000] {processor.py:840} INFO - DAG(s) 'welcome_dag' retrieved from /opt/airflow/dags/welcome_dag2.py
[2024-01-22T20:14:31.838+0000] {logging_mixin.py:188} INFO - [2024-01-22T20:14:31.838+0000] {dag.py:3036} INFO - Sync 1 DAGs
[2024-01-22T20:14:31.878+0000] {logging_mixin.py:188} INFO - [2024-01-22T20:14:31.877+0000] {dag.py:3823} INFO - Setting next_dagrun for welcome_dag to 2024-01-21 23:00:00+00:00, run_after=2024-01-22 23:00:00+00:00
[2024-01-22T20:14:32.089+0000] {processor.py:183} INFO - Processing /opt/airflow/dags/welcome_dag2.py took 0.363 seconds
[2024-01-22T20:15:02.492+0000] {processor.py:161} INFO - Started process (PID=105) to work on /opt/airflow/dags/welcome_dag2.py
[2024-01-22T20:15:02.494+0000] {processor.py:830} INFO - Processing file /opt/airflow/dags/welcome_dag2.py for tasks to queue
[2024-01-22T20:15:02.496+0000] {logging_mixin.py:188} INFO - [2024-01-22T20:15:02.495+0000] {dagbag.py:538} INFO - Filling up the DagBag from /opt/airflow/dags/welcome_dag2.py
[2024-01-22T20:15:02.541+0000] {processor.py:840} INFO - DAG(s) 'welcome_dag' retrieved from /opt/airflow/dags/welcome_dag2.py
[2024-01-22T20:15:02.585+0000] {logging_mixin.py:188} INFO - [2024-01-22T20:15:02.585+0000] {dag.py:3036} INFO - Sync 1 DAGs
[2024-01-22T20:15:02.624+0000] {logging_mixin.py:188} INFO - [2024-01-22T20:15:02.623+0000] {dag.py:3823} INFO - Setting next_dagrun for welcome_dag to 2024-01-21 23:00:00+00:00, run_after=2024-01-22 23:00:00+00:00
[2024-01-22T20:15:02.817+0000] {processor.py:183} INFO - Processing /opt/airflow/dags/welcome_dag2.py took 0.329 seconds
[2024-01-22T20:15:33.269+0000] {processor.py:161} INFO - Started process (PID=106) to work on /opt/airflow/dags/welcome_dag2.py
[2024-01-22T20:15:33.271+0000] {processor.py:830} INFO - Processing file /opt/airflow/dags/welcome_dag2.py for tasks to queue
[2024-01-22T20:15:33.273+0000] {logging_mixin.py:188} INFO - [2024-01-22T20:15:33.272+0000] {dagbag.py:538} INFO - Filling up the DagBag from /opt/airflow/dags/welcome_dag2.py
[2024-01-22T20:15:33.327+0000] {processor.py:840} INFO - DAG(s) 'welcome_dag' retrieved from /opt/airflow/dags/welcome_dag2.py
[2024-01-22T20:15:33.437+0000] {logging_mixin.py:188} INFO - [2024-01-22T20:15:33.436+0000] {dag.py:3036} INFO - Sync 1 DAGs
[2024-01-22T20:15:33.481+0000] {logging_mixin.py:188} INFO - [2024-01-22T20:15:33.481+0000] {dag.py:3823} INFO - Setting next_dagrun for welcome_dag to 2024-01-21 23:00:00+00:00, run_after=2024-01-22 23:00:00+00:00
[2024-01-22T20:15:33.715+0000] {processor.py:183} INFO - Processing /opt/airflow/dags/welcome_dag2.py took 0.451 seconds
[2024-01-22T20:16:03.974+0000] {processor.py:161} INFO - Started process (PID=107) to work on /opt/airflow/dags/welcome_dag2.py
[2024-01-22T20:16:03.975+0000] {processor.py:830} INFO - Processing file /opt/airflow/dags/welcome_dag2.py for tasks to queue
[2024-01-22T20:16:03.977+0000] {logging_mixin.py:188} INFO - [2024-01-22T20:16:03.976+0000] {dagbag.py:538} INFO - Filling up the DagBag from /opt/airflow/dags/welcome_dag2.py
[2024-01-22T20:16:04.040+0000] {processor.py:840} INFO - DAG(s) 'welcome_dag' retrieved from /opt/airflow/dags/welcome_dag2.py
[2024-01-22T20:16:04.102+0000] {logging_mixin.py:188} INFO - [2024-01-22T20:16:04.101+0000] {dag.py:3036} INFO - Sync 1 DAGs
[2024-01-22T20:16:04.397+0000] {logging_mixin.py:188} INFO - [2024-01-22T20:16:04.395+0000] {dag.py:3823} INFO - Setting next_dagrun for welcome_dag to 2024-01-21 23:00:00+00:00, run_after=2024-01-22 23:00:00+00:00
[2024-01-22T20:16:04.746+0000] {processor.py:183} INFO - Processing /opt/airflow/dags/welcome_dag2.py took 0.776 seconds
[2024-01-22T20:16:35.117+0000] {processor.py:161} INFO - Started process (PID=108) to work on /opt/airflow/dags/welcome_dag2.py
[2024-01-22T20:16:35.123+0000] {processor.py:830} INFO - Processing file /opt/airflow/dags/welcome_dag2.py for tasks to queue
[2024-01-22T20:16:35.126+0000] {logging_mixin.py:188} INFO - [2024-01-22T20:16:35.125+0000] {dagbag.py:538} INFO - Filling up the DagBag from /opt/airflow/dags/welcome_dag2.py
[2024-01-22T20:16:35.205+0000] {processor.py:840} INFO - DAG(s) 'welcome_dag' retrieved from /opt/airflow/dags/welcome_dag2.py
[2024-01-22T20:16:35.324+0000] {logging_mixin.py:188} INFO - [2024-01-22T20:16:35.324+0000] {dag.py:3036} INFO - Sync 1 DAGs
[2024-01-22T20:16:35.742+0000] {logging_mixin.py:188} INFO - [2024-01-22T20:16:35.742+0000] {dag.py:3823} INFO - Setting next_dagrun for welcome_dag to 2024-01-21 23:00:00+00:00, run_after=2024-01-22 23:00:00+00:00
[2024-01-22T20:16:35.944+0000] {processor.py:183} INFO - Processing /opt/airflow/dags/welcome_dag2.py took 0.833 seconds
[2024-01-22T20:17:06.142+0000] {processor.py:161} INFO - Started process (PID=109) to work on /opt/airflow/dags/welcome_dag2.py
[2024-01-22T20:17:06.144+0000] {processor.py:830} INFO - Processing file /opt/airflow/dags/welcome_dag2.py for tasks to queue
[2024-01-22T20:17:06.146+0000] {logging_mixin.py:188} INFO - [2024-01-22T20:17:06.145+0000] {dagbag.py:538} INFO - Filling up the DagBag from /opt/airflow/dags/welcome_dag2.py
[2024-01-22T20:17:06.202+0000] {processor.py:840} INFO - DAG(s) 'welcome_dag' retrieved from /opt/airflow/dags/welcome_dag2.py
[2024-01-22T20:17:06.250+0000] {logging_mixin.py:188} INFO - [2024-01-22T20:17:06.250+0000] {dag.py:3036} INFO - Sync 1 DAGs
[2024-01-22T20:17:06.291+0000] {logging_mixin.py:188} INFO - [2024-01-22T20:17:06.291+0000] {dag.py:3823} INFO - Setting next_dagrun for welcome_dag to 2024-01-21 23:00:00+00:00, run_after=2024-01-22 23:00:00+00:00
[2024-01-22T20:17:06.564+0000] {processor.py:183} INFO - Processing /opt/airflow/dags/welcome_dag2.py took 0.428 seconds
[2024-01-22T20:17:37.089+0000] {processor.py:161} INFO - Started process (PID=110) to work on /opt/airflow/dags/welcome_dag2.py
[2024-01-22T20:17:37.090+0000] {processor.py:830} INFO - Processing file /opt/airflow/dags/welcome_dag2.py for tasks to queue
[2024-01-22T20:17:37.092+0000] {logging_mixin.py:188} INFO - [2024-01-22T20:17:37.091+0000] {dagbag.py:538} INFO - Filling up the DagBag from /opt/airflow/dags/welcome_dag2.py
[2024-01-22T20:17:37.134+0000] {processor.py:840} INFO - DAG(s) 'welcome_dag' retrieved from /opt/airflow/dags/welcome_dag2.py
[2024-01-22T20:17:37.175+0000] {logging_mixin.py:188} INFO - [2024-01-22T20:17:37.175+0000] {dag.py:3036} INFO - Sync 1 DAGs
[2024-01-22T20:17:37.211+0000] {logging_mixin.py:188} INFO - [2024-01-22T20:17:37.211+0000] {dag.py:3823} INFO - Setting next_dagrun for welcome_dag to 2024-01-21 23:00:00+00:00, run_after=2024-01-22 23:00:00+00:00
[2024-01-22T20:17:37.486+0000] {processor.py:183} INFO - Processing /opt/airflow/dags/welcome_dag2.py took 0.401 seconds
[2024-01-22T20:18:07.926+0000] {processor.py:161} INFO - Started process (PID=111) to work on /opt/airflow/dags/welcome_dag2.py
[2024-01-22T20:18:07.928+0000] {processor.py:830} INFO - Processing file /opt/airflow/dags/welcome_dag2.py for tasks to queue
[2024-01-22T20:18:07.930+0000] {logging_mixin.py:188} INFO - [2024-01-22T20:18:07.929+0000] {dagbag.py:538} INFO - Filling up the DagBag from /opt/airflow/dags/welcome_dag2.py
[2024-01-22T20:18:07.991+0000] {processor.py:840} INFO - DAG(s) 'welcome_dag' retrieved from /opt/airflow/dags/welcome_dag2.py
[2024-01-22T20:18:08.050+0000] {logging_mixin.py:188} INFO - [2024-01-22T20:18:08.050+0000] {dag.py:3036} INFO - Sync 1 DAGs
[2024-01-22T20:18:08.089+0000] {logging_mixin.py:188} INFO - [2024-01-22T20:18:08.088+0000] {dag.py:3823} INFO - Setting next_dagrun for welcome_dag to 2024-01-21 23:00:00+00:00, run_after=2024-01-22 23:00:00+00:00
[2024-01-22T20:18:08.304+0000] {processor.py:183} INFO - Processing /opt/airflow/dags/welcome_dag2.py took 0.382 seconds
[2024-01-22T20:18:38.964+0000] {processor.py:161} INFO - Started process (PID=112) to work on /opt/airflow/dags/welcome_dag2.py
[2024-01-22T20:18:38.979+0000] {processor.py:830} INFO - Processing file /opt/airflow/dags/welcome_dag2.py for tasks to queue
[2024-01-22T20:18:38.981+0000] {logging_mixin.py:188} INFO - [2024-01-22T20:18:38.981+0000] {dagbag.py:538} INFO - Filling up the DagBag from /opt/airflow/dags/welcome_dag2.py
[2024-01-22T20:18:39.027+0000] {processor.py:840} INFO - DAG(s) 'welcome_dag' retrieved from /opt/airflow/dags/welcome_dag2.py
[2024-01-22T20:18:39.073+0000] {logging_mixin.py:188} INFO - [2024-01-22T20:18:39.073+0000] {dag.py:3036} INFO - Sync 1 DAGs
[2024-01-22T20:18:39.127+0000] {logging_mixin.py:188} INFO - [2024-01-22T20:18:39.127+0000] {dag.py:3823} INFO - Setting next_dagrun for welcome_dag to 2024-01-21 23:00:00+00:00, run_after=2024-01-22 23:00:00+00:00
[2024-01-22T20:18:39.340+0000] {processor.py:183} INFO - Processing /opt/airflow/dags/welcome_dag2.py took 0.379 seconds
[2024-01-22T20:19:09.612+0000] {processor.py:161} INFO - Started process (PID=113) to work on /opt/airflow/dags/welcome_dag2.py
[2024-01-22T20:19:09.613+0000] {processor.py:830} INFO - Processing file /opt/airflow/dags/welcome_dag2.py for tasks to queue
[2024-01-22T20:19:09.615+0000] {logging_mixin.py:188} INFO - [2024-01-22T20:19:09.614+0000] {dagbag.py:538} INFO - Filling up the DagBag from /opt/airflow/dags/welcome_dag2.py
[2024-01-22T20:19:09.660+0000] {processor.py:840} INFO - DAG(s) 'welcome_dag' retrieved from /opt/airflow/dags/welcome_dag2.py
[2024-01-22T20:19:09.929+0000] {logging_mixin.py:188} INFO - [2024-01-22T20:19:09.929+0000] {dag.py:3036} INFO - Sync 1 DAGs
[2024-01-22T20:19:09.966+0000] {logging_mixin.py:188} INFO - [2024-01-22T20:19:09.966+0000] {dag.py:3823} INFO - Setting next_dagrun for welcome_dag to 2024-01-21 23:00:00+00:00, run_after=2024-01-22 23:00:00+00:00
[2024-01-22T20:19:10.167+0000] {processor.py:183} INFO - Processing /opt/airflow/dags/welcome_dag2.py took 0.560 seconds
[2024-01-22T20:19:40.559+0000] {processor.py:161} INFO - Started process (PID=114) to work on /opt/airflow/dags/welcome_dag2.py
[2024-01-22T20:19:40.561+0000] {processor.py:830} INFO - Processing file /opt/airflow/dags/welcome_dag2.py for tasks to queue
[2024-01-22T20:19:40.563+0000] {logging_mixin.py:188} INFO - [2024-01-22T20:19:40.563+0000] {dagbag.py:538} INFO - Filling up the DagBag from /opt/airflow/dags/welcome_dag2.py
[2024-01-22T20:19:40.605+0000] {processor.py:840} INFO - DAG(s) 'welcome_dag' retrieved from /opt/airflow/dags/welcome_dag2.py
[2024-01-22T20:19:40.651+0000] {logging_mixin.py:188} INFO - [2024-01-22T20:19:40.650+0000] {dag.py:3036} INFO - Sync 1 DAGs
[2024-01-22T20:19:40.693+0000] {logging_mixin.py:188} INFO - [2024-01-22T20:19:40.693+0000] {dag.py:3823} INFO - Setting next_dagrun for welcome_dag to 2024-01-21 23:00:00+00:00, run_after=2024-01-22 23:00:00+00:00
[2024-01-22T20:19:40.922+0000] {processor.py:183} INFO - Processing /opt/airflow/dags/welcome_dag2.py took 0.366 seconds
[2024-01-22T20:20:11.358+0000] {processor.py:161} INFO - Started process (PID=115) to work on /opt/airflow/dags/welcome_dag2.py
[2024-01-22T20:20:11.360+0000] {processor.py:830} INFO - Processing file /opt/airflow/dags/welcome_dag2.py for tasks to queue
[2024-01-22T20:20:11.363+0000] {logging_mixin.py:188} INFO - [2024-01-22T20:20:11.362+0000] {dagbag.py:538} INFO - Filling up the DagBag from /opt/airflow/dags/welcome_dag2.py
[2024-01-22T20:20:11.429+0000] {processor.py:840} INFO - DAG(s) 'welcome_dag' retrieved from /opt/airflow/dags/welcome_dag2.py
[2024-01-22T20:20:11.488+0000] {logging_mixin.py:188} INFO - [2024-01-22T20:20:11.487+0000] {dag.py:3036} INFO - Sync 1 DAGs
[2024-01-22T20:20:11.531+0000] {logging_mixin.py:188} INFO - [2024-01-22T20:20:11.530+0000] {dag.py:3823} INFO - Setting next_dagrun for welcome_dag to 2024-01-21 23:00:00+00:00, run_after=2024-01-22 23:00:00+00:00
[2024-01-22T20:20:11.719+0000] {processor.py:183} INFO - Processing /opt/airflow/dags/welcome_dag2.py took 0.368 seconds
[2024-01-22T20:20:42.189+0000] {processor.py:161} INFO - Started process (PID=116) to work on /opt/airflow/dags/welcome_dag2.py
[2024-01-22T20:20:42.191+0000] {processor.py:830} INFO - Processing file /opt/airflow/dags/welcome_dag2.py for tasks to queue
[2024-01-22T20:20:42.193+0000] {logging_mixin.py:188} INFO - [2024-01-22T20:20:42.193+0000] {dagbag.py:538} INFO - Filling up the DagBag from /opt/airflow/dags/welcome_dag2.py
[2024-01-22T20:20:42.259+0000] {processor.py:840} INFO - DAG(s) 'welcome_dag' retrieved from /opt/airflow/dags/welcome_dag2.py
[2024-01-22T20:20:42.309+0000] {logging_mixin.py:188} INFO - [2024-01-22T20:20:42.308+0000] {dag.py:3036} INFO - Sync 1 DAGs
[2024-01-22T20:20:42.367+0000] {logging_mixin.py:188} INFO - [2024-01-22T20:20:42.366+0000] {dag.py:3823} INFO - Setting next_dagrun for welcome_dag to 2024-01-21 23:00:00+00:00, run_after=2024-01-22 23:00:00+00:00
[2024-01-22T20:20:42.666+0000] {processor.py:183} INFO - Processing /opt/airflow/dags/welcome_dag2.py took 0.480 seconds
[2024-01-22T20:21:12.998+0000] {processor.py:161} INFO - Started process (PID=117) to work on /opt/airflow/dags/welcome_dag2.py
[2024-01-22T20:21:13.000+0000] {processor.py:830} INFO - Processing file /opt/airflow/dags/welcome_dag2.py for tasks to queue
[2024-01-22T20:21:13.002+0000] {logging_mixin.py:188} INFO - [2024-01-22T20:21:13.002+0000] {dagbag.py:538} INFO - Filling up the DagBag from /opt/airflow/dags/welcome_dag2.py
[2024-01-22T20:21:13.057+0000] {processor.py:840} INFO - DAG(s) 'welcome_dag' retrieved from /opt/airflow/dags/welcome_dag2.py
[2024-01-22T20:21:13.179+0000] {logging_mixin.py:188} INFO - [2024-01-22T20:21:13.179+0000] {dag.py:3036} INFO - Sync 1 DAGs
[2024-01-22T20:21:13.213+0000] {logging_mixin.py:188} INFO - [2024-01-22T20:21:13.213+0000] {dag.py:3823} INFO - Setting next_dagrun for welcome_dag to 2024-01-21 23:00:00+00:00, run_after=2024-01-22 23:00:00+00:00
[2024-01-22T20:21:13.409+0000] {processor.py:183} INFO - Processing /opt/airflow/dags/welcome_dag2.py took 0.417 seconds
[2024-01-22T20:21:43.876+0000] {processor.py:161} INFO - Started process (PID=118) to work on /opt/airflow/dags/welcome_dag2.py
[2024-01-22T20:21:43.879+0000] {processor.py:830} INFO - Processing file /opt/airflow/dags/welcome_dag2.py for tasks to queue
[2024-01-22T20:21:43.881+0000] {logging_mixin.py:188} INFO - [2024-01-22T20:21:43.880+0000] {dagbag.py:538} INFO - Filling up the DagBag from /opt/airflow/dags/welcome_dag2.py
[2024-01-22T20:21:43.923+0000] {processor.py:840} INFO - DAG(s) 'welcome_dag' retrieved from /opt/airflow/dags/welcome_dag2.py
[2024-01-22T20:21:43.964+0000] {logging_mixin.py:188} INFO - [2024-01-22T20:21:43.964+0000] {dag.py:3036} INFO - Sync 1 DAGs
[2024-01-22T20:21:44.009+0000] {logging_mixin.py:188} INFO - [2024-01-22T20:21:44.008+0000] {dag.py:3823} INFO - Setting next_dagrun for welcome_dag to 2024-01-21 23:00:00+00:00, run_after=2024-01-22 23:00:00+00:00
[2024-01-22T20:21:44.258+0000] {processor.py:183} INFO - Processing /opt/airflow/dags/welcome_dag2.py took 0.386 seconds
[2024-01-22T20:22:14.802+0000] {processor.py:161} INFO - Started process (PID=119) to work on /opt/airflow/dags/welcome_dag2.py
[2024-01-22T20:22:14.804+0000] {processor.py:830} INFO - Processing file /opt/airflow/dags/welcome_dag2.py for tasks to queue
[2024-01-22T20:22:14.807+0000] {logging_mixin.py:188} INFO - [2024-01-22T20:22:14.806+0000] {dagbag.py:538} INFO - Filling up the DagBag from /opt/airflow/dags/welcome_dag2.py
[2024-01-22T20:22:14.853+0000] {processor.py:840} INFO - DAG(s) 'welcome_dag' retrieved from /opt/airflow/dags/welcome_dag2.py
[2024-01-22T20:22:14.914+0000] {logging_mixin.py:188} INFO - [2024-01-22T20:22:14.914+0000] {dag.py:3036} INFO - Sync 1 DAGs
[2024-01-22T20:22:14.960+0000] {logging_mixin.py:188} INFO - [2024-01-22T20:22:14.960+0000] {dag.py:3823} INFO - Setting next_dagrun for welcome_dag to 2024-01-21 23:00:00+00:00, run_after=2024-01-22 23:00:00+00:00
[2024-01-22T20:22:15.152+0000] {processor.py:183} INFO - Processing /opt/airflow/dags/welcome_dag2.py took 0.357 seconds
[2024-01-22T20:22:45.505+0000] {processor.py:161} INFO - Started process (PID=120) to work on /opt/airflow/dags/welcome_dag2.py
[2024-01-22T20:22:45.506+0000] {processor.py:830} INFO - Processing file /opt/airflow/dags/welcome_dag2.py for tasks to queue
[2024-01-22T20:22:45.508+0000] {logging_mixin.py:188} INFO - [2024-01-22T20:22:45.508+0000] {dagbag.py:538} INFO - Filling up the DagBag from /opt/airflow/dags/welcome_dag2.py
[2024-01-22T20:22:45.556+0000] {processor.py:840} INFO - DAG(s) 'welcome_dag' retrieved from /opt/airflow/dags/welcome_dag2.py
[2024-01-22T20:22:45.600+0000] {logging_mixin.py:188} INFO - [2024-01-22T20:22:45.599+0000] {dag.py:3036} INFO - Sync 1 DAGs
[2024-01-22T20:22:45.636+0000] {logging_mixin.py:188} INFO - [2024-01-22T20:22:45.636+0000] {dag.py:3823} INFO - Setting next_dagrun for welcome_dag to 2024-01-21 23:00:00+00:00, run_after=2024-01-22 23:00:00+00:00
[2024-01-22T20:22:45.847+0000] {processor.py:183} INFO - Processing /opt/airflow/dags/welcome_dag2.py took 0.346 seconds
[2024-01-22T20:23:16.391+0000] {processor.py:161} INFO - Started process (PID=121) to work on /opt/airflow/dags/welcome_dag2.py
[2024-01-22T20:23:16.394+0000] {processor.py:830} INFO - Processing file /opt/airflow/dags/welcome_dag2.py for tasks to queue
[2024-01-22T20:23:16.397+0000] {logging_mixin.py:188} INFO - [2024-01-22T20:23:16.396+0000] {dagbag.py:538} INFO - Filling up the DagBag from /opt/airflow/dags/welcome_dag2.py
[2024-01-22T20:23:16.454+0000] {processor.py:840} INFO - DAG(s) 'welcome_dag' retrieved from /opt/airflow/dags/welcome_dag2.py
[2024-01-22T20:23:16.503+0000] {logging_mixin.py:188} INFO - [2024-01-22T20:23:16.503+0000] {dag.py:3036} INFO - Sync 1 DAGs
[2024-01-22T20:23:16.542+0000] {logging_mixin.py:188} INFO - [2024-01-22T20:23:16.541+0000] {dag.py:3823} INFO - Setting next_dagrun for welcome_dag to 2024-01-21 23:00:00+00:00, run_after=2024-01-22 23:00:00+00:00
[2024-01-22T20:23:16.748+0000] {processor.py:183} INFO - Processing /opt/airflow/dags/welcome_dag2.py took 0.361 seconds
[2024-01-22T20:23:47.183+0000] {processor.py:161} INFO - Started process (PID=122) to work on /opt/airflow/dags/welcome_dag2.py
[2024-01-22T20:23:47.185+0000] {processor.py:830} INFO - Processing file /opt/airflow/dags/welcome_dag2.py for tasks to queue
[2024-01-22T20:23:47.187+0000] {logging_mixin.py:188} INFO - [2024-01-22T20:23:47.186+0000] {dagbag.py:538} INFO - Filling up the DagBag from /opt/airflow/dags/welcome_dag2.py
[2024-01-22T20:23:47.233+0000] {processor.py:840} INFO - DAG(s) 'welcome_dag' retrieved from /opt/airflow/dags/welcome_dag2.py
[2024-01-22T20:23:47.278+0000] {logging_mixin.py:188} INFO - [2024-01-22T20:23:47.278+0000] {dag.py:3036} INFO - Sync 1 DAGs
[2024-01-22T20:23:47.320+0000] {logging_mixin.py:188} INFO - [2024-01-22T20:23:47.320+0000] {dag.py:3823} INFO - Setting next_dagrun for welcome_dag to 2024-01-21 23:00:00+00:00, run_after=2024-01-22 23:00:00+00:00
[2024-01-22T20:23:47.544+0000] {processor.py:183} INFO - Processing /opt/airflow/dags/welcome_dag2.py took 0.365 seconds
[2024-01-22T20:24:17.943+0000] {processor.py:161} INFO - Started process (PID=123) to work on /opt/airflow/dags/welcome_dag2.py
[2024-01-22T20:24:17.944+0000] {processor.py:830} INFO - Processing file /opt/airflow/dags/welcome_dag2.py for tasks to queue
[2024-01-22T20:24:17.946+0000] {logging_mixin.py:188} INFO - [2024-01-22T20:24:17.945+0000] {dagbag.py:538} INFO - Filling up the DagBag from /opt/airflow/dags/welcome_dag2.py
[2024-01-22T20:24:17.989+0000] {processor.py:840} INFO - DAG(s) 'welcome_dag' retrieved from /opt/airflow/dags/welcome_dag2.py
[2024-01-22T20:24:18.036+0000] {logging_mixin.py:188} INFO - [2024-01-22T20:24:18.035+0000] {dag.py:3036} INFO - Sync 1 DAGs
[2024-01-22T20:24:18.082+0000] {logging_mixin.py:188} INFO - [2024-01-22T20:24:18.082+0000] {dag.py:3823} INFO - Setting next_dagrun for welcome_dag to 2024-01-21 23:00:00+00:00, run_after=2024-01-22 23:00:00+00:00
[2024-01-22T20:24:18.298+0000] {processor.py:183} INFO - Processing /opt/airflow/dags/welcome_dag2.py took 0.359 seconds
[2024-01-22T20:24:48.785+0000] {processor.py:161} INFO - Started process (PID=124) to work on /opt/airflow/dags/welcome_dag2.py
[2024-01-22T20:24:48.787+0000] {processor.py:830} INFO - Processing file /opt/airflow/dags/welcome_dag2.py for tasks to queue
[2024-01-22T20:24:48.789+0000] {logging_mixin.py:188} INFO - [2024-01-22T20:24:48.789+0000] {dagbag.py:538} INFO - Filling up the DagBag from /opt/airflow/dags/welcome_dag2.py
[2024-01-22T20:24:48.843+0000] {processor.py:840} INFO - DAG(s) 'welcome_dag' retrieved from /opt/airflow/dags/welcome_dag2.py
[2024-01-22T20:24:48.895+0000] {logging_mixin.py:188} INFO - [2024-01-22T20:24:48.895+0000] {dag.py:3036} INFO - Sync 1 DAGs
[2024-01-22T20:24:48.946+0000] {logging_mixin.py:188} INFO - [2024-01-22T20:24:48.946+0000] {dag.py:3823} INFO - Setting next_dagrun for welcome_dag to 2024-01-21 23:00:00+00:00, run_after=2024-01-22 23:00:00+00:00
[2024-01-22T20:24:49.238+0000] {processor.py:183} INFO - Processing /opt/airflow/dags/welcome_dag2.py took 0.456 seconds
[2024-01-22T20:25:19.624+0000] {processor.py:161} INFO - Started process (PID=125) to work on /opt/airflow/dags/welcome_dag2.py
[2024-01-22T20:25:19.625+0000] {processor.py:830} INFO - Processing file /opt/airflow/dags/welcome_dag2.py for tasks to queue
[2024-01-22T20:25:19.627+0000] {logging_mixin.py:188} INFO - [2024-01-22T20:25:19.626+0000] {dagbag.py:538} INFO - Filling up the DagBag from /opt/airflow/dags/welcome_dag2.py
[2024-01-22T20:25:19.673+0000] {processor.py:840} INFO - DAG(s) 'welcome_dag' retrieved from /opt/airflow/dags/welcome_dag2.py
[2024-01-22T20:25:19.719+0000] {logging_mixin.py:188} INFO - [2024-01-22T20:25:19.718+0000] {dag.py:3036} INFO - Sync 1 DAGs
[2024-01-22T20:25:19.765+0000] {logging_mixin.py:188} INFO - [2024-01-22T20:25:19.765+0000] {dag.py:3823} INFO - Setting next_dagrun for welcome_dag to 2024-01-21 23:00:00+00:00, run_after=2024-01-22 23:00:00+00:00
[2024-01-22T20:25:20.326+0000] {processor.py:183} INFO - Processing /opt/airflow/dags/welcome_dag2.py took 0.706 seconds
[2024-01-22T20:25:50.649+0000] {processor.py:161} INFO - Started process (PID=126) to work on /opt/airflow/dags/welcome_dag2.py
[2024-01-22T20:25:50.650+0000] {processor.py:830} INFO - Processing file /opt/airflow/dags/welcome_dag2.py for tasks to queue
[2024-01-22T20:25:50.653+0000] {logging_mixin.py:188} INFO - [2024-01-22T20:25:50.652+0000] {dagbag.py:538} INFO - Filling up the DagBag from /opt/airflow/dags/welcome_dag2.py
[2024-01-22T20:25:50.699+0000] {processor.py:840} INFO - DAG(s) 'welcome_dag' retrieved from /opt/airflow/dags/welcome_dag2.py
[2024-01-22T20:25:50.741+0000] {logging_mixin.py:188} INFO - [2024-01-22T20:25:50.741+0000] {dag.py:3036} INFO - Sync 1 DAGs
[2024-01-22T20:25:50.778+0000] {logging_mixin.py:188} INFO - [2024-01-22T20:25:50.778+0000] {dag.py:3823} INFO - Setting next_dagrun for welcome_dag to 2024-01-21 23:00:00+00:00, run_after=2024-01-22 23:00:00+00:00
[2024-01-22T20:25:51.339+0000] {processor.py:183} INFO - Processing /opt/airflow/dags/welcome_dag2.py took 0.694 seconds
[2024-01-22T20:26:21.814+0000] {processor.py:161} INFO - Started process (PID=127) to work on /opt/airflow/dags/welcome_dag2.py
[2024-01-22T20:26:21.816+0000] {processor.py:830} INFO - Processing file /opt/airflow/dags/welcome_dag2.py for tasks to queue
[2024-01-22T20:26:21.818+0000] {logging_mixin.py:188} INFO - [2024-01-22T20:26:21.817+0000] {dagbag.py:538} INFO - Filling up the DagBag from /opt/airflow/dags/welcome_dag2.py
[2024-01-22T20:26:21.876+0000] {processor.py:840} INFO - DAG(s) 'welcome_dag' retrieved from /opt/airflow/dags/welcome_dag2.py
[2024-01-22T20:26:21.930+0000] {logging_mixin.py:188} INFO - [2024-01-22T20:26:21.930+0000] {dag.py:3036} INFO - Sync 1 DAGs
[2024-01-22T20:26:21.970+0000] {logging_mixin.py:188} INFO - [2024-01-22T20:26:21.969+0000] {dag.py:3823} INFO - Setting next_dagrun for welcome_dag to 2024-01-21 23:00:00+00:00, run_after=2024-01-22 23:00:00+00:00
[2024-01-22T20:26:22.234+0000] {processor.py:183} INFO - Processing /opt/airflow/dags/welcome_dag2.py took 0.426 seconds
[2024-01-22T20:26:52.643+0000] {processor.py:161} INFO - Started process (PID=128) to work on /opt/airflow/dags/welcome_dag2.py
[2024-01-22T20:26:52.644+0000] {processor.py:830} INFO - Processing file /opt/airflow/dags/welcome_dag2.py for tasks to queue
[2024-01-22T20:26:52.646+0000] {logging_mixin.py:188} INFO - [2024-01-22T20:26:52.646+0000] {dagbag.py:538} INFO - Filling up the DagBag from /opt/airflow/dags/welcome_dag2.py
[2024-01-22T20:26:52.695+0000] {processor.py:840} INFO - DAG(s) 'welcome_dag' retrieved from /opt/airflow/dags/welcome_dag2.py
[2024-01-22T20:26:52.748+0000] {logging_mixin.py:188} INFO - [2024-01-22T20:26:52.747+0000] {dag.py:3036} INFO - Sync 1 DAGs
[2024-01-22T20:26:52.801+0000] {logging_mixin.py:188} INFO - [2024-01-22T20:26:52.801+0000] {dag.py:3823} INFO - Setting next_dagrun for welcome_dag to 2024-01-21 23:00:00+00:00, run_after=2024-01-22 23:00:00+00:00
[2024-01-22T20:26:53.142+0000] {processor.py:183} INFO - Processing /opt/airflow/dags/welcome_dag2.py took 0.504 seconds
[2024-01-22T20:27:23.463+0000] {processor.py:161} INFO - Started process (PID=129) to work on /opt/airflow/dags/welcome_dag2.py
[2024-01-22T20:27:23.465+0000] {processor.py:830} INFO - Processing file /opt/airflow/dags/welcome_dag2.py for tasks to queue
[2024-01-22T20:27:23.467+0000] {logging_mixin.py:188} INFO - [2024-01-22T20:27:23.466+0000] {dagbag.py:538} INFO - Filling up the DagBag from /opt/airflow/dags/welcome_dag2.py
[2024-01-22T20:27:23.511+0000] {processor.py:840} INFO - DAG(s) 'welcome_dag' retrieved from /opt/airflow/dags/welcome_dag2.py
[2024-01-22T20:27:23.565+0000] {logging_mixin.py:188} INFO - [2024-01-22T20:27:23.565+0000] {dag.py:3036} INFO - Sync 1 DAGs
[2024-01-22T20:27:23.610+0000] {logging_mixin.py:188} INFO - [2024-01-22T20:27:23.610+0000] {dag.py:3823} INFO - Setting next_dagrun for welcome_dag to 2024-01-21 23:00:00+00:00, run_after=2024-01-22 23:00:00+00:00
[2024-01-22T20:27:23.892+0000] {processor.py:183} INFO - Processing /opt/airflow/dags/welcome_dag2.py took 0.432 seconds
[2024-01-22T20:27:54.376+0000] {processor.py:161} INFO - Started process (PID=130) to work on /opt/airflow/dags/welcome_dag2.py
[2024-01-22T20:27:54.379+0000] {processor.py:830} INFO - Processing file /opt/airflow/dags/welcome_dag2.py for tasks to queue
[2024-01-22T20:27:54.380+0000] {logging_mixin.py:188} INFO - [2024-01-22T20:27:54.380+0000] {dagbag.py:538} INFO - Filling up the DagBag from /opt/airflow/dags/welcome_dag2.py
[2024-01-22T20:27:54.444+0000] {processor.py:840} INFO - DAG(s) 'welcome_dag' retrieved from /opt/airflow/dags/welcome_dag2.py
[2024-01-22T20:27:54.505+0000] {logging_mixin.py:188} INFO - [2024-01-22T20:27:54.504+0000] {dag.py:3036} INFO - Sync 1 DAGs
[2024-01-22T20:27:54.567+0000] {logging_mixin.py:188} INFO - [2024-01-22T20:27:54.566+0000] {dag.py:3823} INFO - Setting next_dagrun for welcome_dag to 2024-01-21 23:00:00+00:00, run_after=2024-01-22 23:00:00+00:00
[2024-01-22T20:27:54.850+0000] {processor.py:183} INFO - Processing /opt/airflow/dags/welcome_dag2.py took 0.480 seconds
[2024-01-22T20:28:25.324+0000] {processor.py:161} INFO - Started process (PID=131) to work on /opt/airflow/dags/welcome_dag2.py
[2024-01-22T20:28:25.326+0000] {processor.py:830} INFO - Processing file /opt/airflow/dags/welcome_dag2.py for tasks to queue
[2024-01-22T20:28:25.328+0000] {logging_mixin.py:188} INFO - [2024-01-22T20:28:25.327+0000] {dagbag.py:538} INFO - Filling up the DagBag from /opt/airflow/dags/welcome_dag2.py
[2024-01-22T20:28:25.393+0000] {processor.py:840} INFO - DAG(s) 'welcome_dag' retrieved from /opt/airflow/dags/welcome_dag2.py
[2024-01-22T20:28:25.456+0000] {logging_mixin.py:188} INFO - [2024-01-22T20:28:25.455+0000] {dag.py:3036} INFO - Sync 1 DAGs
[2024-01-22T20:28:25.529+0000] {logging_mixin.py:188} INFO - [2024-01-22T20:28:25.528+0000] {dag.py:3823} INFO - Setting next_dagrun for welcome_dag to 2024-01-21 23:00:00+00:00, run_after=2024-01-22 23:00:00+00:00
[2024-01-22T20:28:25.968+0000] {processor.py:183} INFO - Processing /opt/airflow/dags/welcome_dag2.py took 0.648 seconds
[2024-01-22T20:28:56.896+0000] {processor.py:161} INFO - Started process (PID=132) to work on /opt/airflow/dags/welcome_dag2.py
[2024-01-22T20:28:56.898+0000] {processor.py:830} INFO - Processing file /opt/airflow/dags/welcome_dag2.py for tasks to queue
[2024-01-22T20:28:56.900+0000] {logging_mixin.py:188} INFO - [2024-01-22T20:28:56.899+0000] {dagbag.py:538} INFO - Filling up the DagBag from /opt/airflow/dags/welcome_dag2.py
[2024-01-22T20:28:56.946+0000] {processor.py:840} INFO - DAG(s) 'welcome_dag' retrieved from /opt/airflow/dags/welcome_dag2.py
[2024-01-22T20:28:56.989+0000] {logging_mixin.py:188} INFO - [2024-01-22T20:28:56.989+0000] {dag.py:3036} INFO - Sync 1 DAGs
[2024-01-22T20:28:57.031+0000] {logging_mixin.py:188} INFO - [2024-01-22T20:28:57.030+0000] {dag.py:3823} INFO - Setting next_dagrun for welcome_dag to 2024-01-21 23:00:00+00:00, run_after=2024-01-22 23:00:00+00:00
[2024-01-22T20:28:57.340+0000] {processor.py:183} INFO - Processing /opt/airflow/dags/welcome_dag2.py took 0.448 seconds
[2024-01-22T20:29:28.214+0000] {processor.py:161} INFO - Started process (PID=133) to work on /opt/airflow/dags/welcome_dag2.py
[2024-01-22T20:29:28.216+0000] {processor.py:830} INFO - Processing file /opt/airflow/dags/welcome_dag2.py for tasks to queue
[2024-01-22T20:29:28.217+0000] {logging_mixin.py:188} INFO - [2024-01-22T20:29:28.217+0000] {dagbag.py:538} INFO - Filling up the DagBag from /opt/airflow/dags/welcome_dag2.py
[2024-01-22T20:29:28.266+0000] {processor.py:840} INFO - DAG(s) 'welcome_dag' retrieved from /opt/airflow/dags/welcome_dag2.py
[2024-01-22T20:29:28.311+0000] {logging_mixin.py:188} INFO - [2024-01-22T20:29:28.310+0000] {dag.py:3036} INFO - Sync 1 DAGs
[2024-01-22T20:29:28.351+0000] {logging_mixin.py:188} INFO - [2024-01-22T20:29:28.351+0000] {dag.py:3823} INFO - Setting next_dagrun for welcome_dag to 2024-01-21 23:00:00+00:00, run_after=2024-01-22 23:00:00+00:00
[2024-01-22T20:29:28.625+0000] {processor.py:183} INFO - Processing /opt/airflow/dags/welcome_dag2.py took 0.416 seconds
[2024-01-22T20:29:59.035+0000] {processor.py:161} INFO - Started process (PID=134) to work on /opt/airflow/dags/welcome_dag2.py
[2024-01-22T20:29:59.037+0000] {processor.py:830} INFO - Processing file /opt/airflow/dags/welcome_dag2.py for tasks to queue
[2024-01-22T20:29:59.039+0000] {logging_mixin.py:188} INFO - [2024-01-22T20:29:59.039+0000] {dagbag.py:538} INFO - Filling up the DagBag from /opt/airflow/dags/welcome_dag2.py
[2024-01-22T20:29:59.097+0000] {processor.py:840} INFO - DAG(s) 'welcome_dag' retrieved from /opt/airflow/dags/welcome_dag2.py
[2024-01-22T20:29:59.146+0000] {logging_mixin.py:188} INFO - [2024-01-22T20:29:59.145+0000] {dag.py:3036} INFO - Sync 1 DAGs
[2024-01-22T20:29:59.185+0000] {logging_mixin.py:188} INFO - [2024-01-22T20:29:59.185+0000] {dag.py:3823} INFO - Setting next_dagrun for welcome_dag to 2024-01-21 23:00:00+00:00, run_after=2024-01-22 23:00:00+00:00
[2024-01-22T20:29:59.454+0000] {processor.py:183} INFO - Processing /opt/airflow/dags/welcome_dag2.py took 0.424 seconds
[2024-01-22T20:30:29.894+0000] {processor.py:161} INFO - Started process (PID=135) to work on /opt/airflow/dags/welcome_dag2.py
[2024-01-22T20:30:29.896+0000] {processor.py:830} INFO - Processing file /opt/airflow/dags/welcome_dag2.py for tasks to queue
[2024-01-22T20:30:29.898+0000] {logging_mixin.py:188} INFO - [2024-01-22T20:30:29.898+0000] {dagbag.py:538} INFO - Filling up the DagBag from /opt/airflow/dags/welcome_dag2.py
[2024-01-22T20:30:29.943+0000] {processor.py:840} INFO - DAG(s) 'welcome_dag' retrieved from /opt/airflow/dags/welcome_dag2.py
[2024-01-22T20:30:29.989+0000] {logging_mixin.py:188} INFO - [2024-01-22T20:30:29.989+0000] {dag.py:3036} INFO - Sync 1 DAGs
[2024-01-22T20:30:30.032+0000] {logging_mixin.py:188} INFO - [2024-01-22T20:30:30.032+0000] {dag.py:3823} INFO - Setting next_dagrun for welcome_dag to 2024-01-21 23:00:00+00:00, run_after=2024-01-22 23:00:00+00:00
[2024-01-22T20:30:30.238+0000] {processor.py:183} INFO - Processing /opt/airflow/dags/welcome_dag2.py took 0.349 seconds
[2024-01-22T20:31:00.398+0000] {processor.py:161} INFO - Started process (PID=136) to work on /opt/airflow/dags/welcome_dag2.py
[2024-01-22T20:31:00.400+0000] {processor.py:830} INFO - Processing file /opt/airflow/dags/welcome_dag2.py for tasks to queue
[2024-01-22T20:31:00.403+0000] {logging_mixin.py:188} INFO - [2024-01-22T20:31:00.402+0000] {dagbag.py:538} INFO - Filling up the DagBag from /opt/airflow/dags/welcome_dag2.py
[2024-01-22T20:31:00.454+0000] {processor.py:840} INFO - DAG(s) 'welcome_dag' retrieved from /opt/airflow/dags/welcome_dag2.py
[2024-01-22T20:31:00.503+0000] {logging_mixin.py:188} INFO - [2024-01-22T20:31:00.503+0000] {dag.py:3036} INFO - Sync 1 DAGs
[2024-01-22T20:31:00.541+0000] {logging_mixin.py:188} INFO - [2024-01-22T20:31:00.540+0000] {dag.py:3823} INFO - Setting next_dagrun for welcome_dag to 2024-01-21 23:00:00+00:00, run_after=2024-01-22 23:00:00+00:00
[2024-01-22T20:31:00.755+0000] {processor.py:183} INFO - Processing /opt/airflow/dags/welcome_dag2.py took 0.363 seconds
[2024-01-22T20:31:31.357+0000] {processor.py:161} INFO - Started process (PID=137) to work on /opt/airflow/dags/welcome_dag2.py
[2024-01-22T20:31:31.361+0000] {processor.py:830} INFO - Processing file /opt/airflow/dags/welcome_dag2.py for tasks to queue
[2024-01-22T20:31:31.363+0000] {logging_mixin.py:188} INFO - [2024-01-22T20:31:31.362+0000] {dagbag.py:538} INFO - Filling up the DagBag from /opt/airflow/dags/welcome_dag2.py
[2024-01-22T20:31:31.424+0000] {processor.py:840} INFO - DAG(s) 'welcome_dag' retrieved from /opt/airflow/dags/welcome_dag2.py
[2024-01-22T20:31:31.478+0000] {logging_mixin.py:188} INFO - [2024-01-22T20:31:31.477+0000] {dag.py:3036} INFO - Sync 1 DAGs
[2024-01-22T20:31:31.525+0000] {logging_mixin.py:188} INFO - [2024-01-22T20:31:31.525+0000] {dag.py:3823} INFO - Setting next_dagrun for welcome_dag to 2024-01-21 23:00:00+00:00, run_after=2024-01-22 23:00:00+00:00
[2024-01-22T20:31:31.738+0000] {processor.py:183} INFO - Processing /opt/airflow/dags/welcome_dag2.py took 0.387 seconds
[2024-01-22T20:32:02.401+0000] {processor.py:161} INFO - Started process (PID=138) to work on /opt/airflow/dags/welcome_dag2.py
[2024-01-22T20:32:02.404+0000] {processor.py:830} INFO - Processing file /opt/airflow/dags/welcome_dag2.py for tasks to queue
[2024-01-22T20:32:02.407+0000] {logging_mixin.py:188} INFO - [2024-01-22T20:32:02.406+0000] {dagbag.py:538} INFO - Filling up the DagBag from /opt/airflow/dags/welcome_dag2.py
[2024-01-22T20:32:02.486+0000] {processor.py:840} INFO - DAG(s) 'welcome_dag' retrieved from /opt/airflow/dags/welcome_dag2.py
[2024-01-22T20:32:02.585+0000] {logging_mixin.py:188} INFO - [2024-01-22T20:32:02.585+0000] {dag.py:3036} INFO - Sync 1 DAGs
[2024-01-22T20:32:02.664+0000] {logging_mixin.py:188} INFO - [2024-01-22T20:32:02.663+0000] {dag.py:3823} INFO - Setting next_dagrun for welcome_dag to 2024-01-21 23:00:00+00:00, run_after=2024-01-22 23:00:00+00:00
[2024-01-22T20:32:02.886+0000] {processor.py:183} INFO - Processing /opt/airflow/dags/welcome_dag2.py took 0.492 seconds
[2024-01-22T20:32:33.591+0000] {processor.py:161} INFO - Started process (PID=139) to work on /opt/airflow/dags/welcome_dag2.py
[2024-01-22T20:32:33.594+0000] {processor.py:830} INFO - Processing file /opt/airflow/dags/welcome_dag2.py for tasks to queue
[2024-01-22T20:32:33.595+0000] {logging_mixin.py:188} INFO - [2024-01-22T20:32:33.595+0000] {dagbag.py:538} INFO - Filling up the DagBag from /opt/airflow/dags/welcome_dag2.py
[2024-01-22T20:32:33.654+0000] {processor.py:840} INFO - DAG(s) 'welcome_dag' retrieved from /opt/airflow/dags/welcome_dag2.py
[2024-01-22T20:32:33.704+0000] {logging_mixin.py:188} INFO - [2024-01-22T20:32:33.704+0000] {dag.py:3036} INFO - Sync 1 DAGs
[2024-01-22T20:32:33.786+0000] {logging_mixin.py:188} INFO - [2024-01-22T20:32:33.786+0000] {dag.py:3823} INFO - Setting next_dagrun for welcome_dag to 2024-01-21 23:00:00+00:00, run_after=2024-01-22 23:00:00+00:00
[2024-01-22T20:32:34.066+0000] {processor.py:183} INFO - Processing /opt/airflow/dags/welcome_dag2.py took 0.481 seconds
[2024-01-22T20:33:04.430+0000] {processor.py:161} INFO - Started process (PID=140) to work on /opt/airflow/dags/welcome_dag2.py
[2024-01-22T20:33:04.433+0000] {processor.py:830} INFO - Processing file /opt/airflow/dags/welcome_dag2.py for tasks to queue
[2024-01-22T20:33:04.448+0000] {logging_mixin.py:188} INFO - [2024-01-22T20:33:04.438+0000] {dagbag.py:538} INFO - Filling up the DagBag from /opt/airflow/dags/welcome_dag2.py
[2024-01-22T20:33:05.131+0000] {processor.py:840} INFO - DAG(s) 'welcome_dag' retrieved from /opt/airflow/dags/welcome_dag2.py
[2024-01-22T20:33:06.066+0000] {logging_mixin.py:188} INFO - [2024-01-22T20:33:06.065+0000] {dag.py:3036} INFO - Sync 1 DAGs
[2024-01-22T20:33:06.572+0000] {logging_mixin.py:188} INFO - [2024-01-22T20:33:06.570+0000] {dag.py:3823} INFO - Setting next_dagrun for welcome_dag to 2024-01-21 23:00:00+00:00, run_after=2024-01-22 23:00:00+00:00
[2024-01-22T20:33:07.140+0000] {processor.py:183} INFO - Processing /opt/airflow/dags/welcome_dag2.py took 2.717 seconds
[2024-01-22T20:33:38.166+0000] {processor.py:161} INFO - Started process (PID=141) to work on /opt/airflow/dags/welcome_dag2.py
[2024-01-22T20:33:38.227+0000] {processor.py:830} INFO - Processing file /opt/airflow/dags/welcome_dag2.py for tasks to queue
[2024-01-22T20:33:38.262+0000] {logging_mixin.py:188} INFO - [2024-01-22T20:33:38.248+0000] {dagbag.py:538} INFO - Filling up the DagBag from /opt/airflow/dags/welcome_dag2.py
[2024-01-22T20:33:38.466+0000] {processor.py:840} INFO - DAG(s) 'welcome_dag' retrieved from /opt/airflow/dags/welcome_dag2.py
[2024-01-22T20:33:38.520+0000] {logging_mixin.py:188} INFO - [2024-01-22T20:33:38.519+0000] {dag.py:3036} INFO - Sync 1 DAGs
[2024-01-22T20:33:38.586+0000] {logging_mixin.py:188} INFO - [2024-01-22T20:33:38.585+0000] {dag.py:3823} INFO - Setting next_dagrun for welcome_dag to 2024-01-21 23:00:00+00:00, run_after=2024-01-22 23:00:00+00:00
[2024-01-22T20:33:38.874+0000] {processor.py:183} INFO - Processing /opt/airflow/dags/welcome_dag2.py took 0.847 seconds
[2024-01-22T20:34:09.461+0000] {processor.py:161} INFO - Started process (PID=142) to work on /opt/airflow/dags/welcome_dag2.py
[2024-01-22T20:34:09.464+0000] {processor.py:830} INFO - Processing file /opt/airflow/dags/welcome_dag2.py for tasks to queue
[2024-01-22T20:34:09.469+0000] {logging_mixin.py:188} INFO - [2024-01-22T20:34:09.468+0000] {dagbag.py:538} INFO - Filling up the DagBag from /opt/airflow/dags/welcome_dag2.py
[2024-01-22T20:34:09.553+0000] {processor.py:840} INFO - DAG(s) 'welcome_dag' retrieved from /opt/airflow/dags/welcome_dag2.py
[2024-01-22T20:34:09.619+0000] {logging_mixin.py:188} INFO - [2024-01-22T20:34:09.619+0000] {dag.py:3036} INFO - Sync 1 DAGs
[2024-01-22T20:34:09.682+0000] {logging_mixin.py:188} INFO - [2024-01-22T20:34:09.681+0000] {dag.py:3823} INFO - Setting next_dagrun for welcome_dag to 2024-01-21 23:00:00+00:00, run_after=2024-01-22 23:00:00+00:00
[2024-01-22T20:34:09.915+0000] {processor.py:183} INFO - Processing /opt/airflow/dags/welcome_dag2.py took 0.461 seconds
[2024-01-22T20:34:40.301+0000] {processor.py:161} INFO - Started process (PID=143) to work on /opt/airflow/dags/welcome_dag2.py
[2024-01-22T20:34:40.303+0000] {processor.py:830} INFO - Processing file /opt/airflow/dags/welcome_dag2.py for tasks to queue
[2024-01-22T20:34:40.306+0000] {logging_mixin.py:188} INFO - [2024-01-22T20:34:40.305+0000] {dagbag.py:538} INFO - Filling up the DagBag from /opt/airflow/dags/welcome_dag2.py
[2024-01-22T20:34:40.384+0000] {processor.py:840} INFO - DAG(s) 'welcome_dag' retrieved from /opt/airflow/dags/welcome_dag2.py
[2024-01-22T20:34:40.574+0000] {logging_mixin.py:188} INFO - [2024-01-22T20:34:40.573+0000] {dag.py:3036} INFO - Sync 1 DAGs
[2024-01-22T20:34:40.619+0000] {logging_mixin.py:188} INFO - [2024-01-22T20:34:40.619+0000] {dag.py:3823} INFO - Setting next_dagrun for welcome_dag to 2024-01-21 23:00:00+00:00, run_after=2024-01-22 23:00:00+00:00
[2024-01-22T20:34:40.896+0000] {processor.py:183} INFO - Processing /opt/airflow/dags/welcome_dag2.py took 0.600 seconds
[2024-01-22T20:35:11.380+0000] {processor.py:161} INFO - Started process (PID=144) to work on /opt/airflow/dags/welcome_dag2.py
[2024-01-22T20:35:11.381+0000] {processor.py:830} INFO - Processing file /opt/airflow/dags/welcome_dag2.py for tasks to queue
[2024-01-22T20:35:11.384+0000] {logging_mixin.py:188} INFO - [2024-01-22T20:35:11.383+0000] {dagbag.py:538} INFO - Filling up the DagBag from /opt/airflow/dags/welcome_dag2.py
[2024-01-22T20:35:11.460+0000] {processor.py:840} INFO - DAG(s) 'welcome_dag' retrieved from /opt/airflow/dags/welcome_dag2.py
[2024-01-22T20:35:11.705+0000] {logging_mixin.py:188} INFO - [2024-01-22T20:35:11.704+0000] {dag.py:3036} INFO - Sync 1 DAGs
[2024-01-22T20:35:12.090+0000] {logging_mixin.py:188} INFO - [2024-01-22T20:35:12.090+0000] {dag.py:3823} INFO - Setting next_dagrun for welcome_dag to 2024-01-21 23:00:00+00:00, run_after=2024-01-22 23:00:00+00:00
[2024-01-22T20:35:12.420+0000] {processor.py:183} INFO - Processing /opt/airflow/dags/welcome_dag2.py took 1.047 seconds
[2024-01-22T20:35:42.875+0000] {processor.py:161} INFO - Started process (PID=145) to work on /opt/airflow/dags/welcome_dag2.py
[2024-01-22T20:35:42.878+0000] {processor.py:830} INFO - Processing file /opt/airflow/dags/welcome_dag2.py for tasks to queue
[2024-01-22T20:35:42.881+0000] {logging_mixin.py:188} INFO - [2024-01-22T20:35:42.881+0000] {dagbag.py:538} INFO - Filling up the DagBag from /opt/airflow/dags/welcome_dag2.py
[2024-01-22T20:35:42.944+0000] {processor.py:840} INFO - DAG(s) 'welcome_dag' retrieved from /opt/airflow/dags/welcome_dag2.py
[2024-01-22T20:35:43.534+0000] {logging_mixin.py:188} INFO - [2024-01-22T20:35:43.533+0000] {dag.py:3036} INFO - Sync 1 DAGs
[2024-01-22T20:35:43.594+0000] {logging_mixin.py:188} INFO - [2024-01-22T20:35:43.594+0000] {dag.py:3823} INFO - Setting next_dagrun for welcome_dag to 2024-01-21 23:00:00+00:00, run_after=2024-01-22 23:00:00+00:00
[2024-01-22T20:35:43.935+0000] {processor.py:183} INFO - Processing /opt/airflow/dags/welcome_dag2.py took 1.070 seconds
[2024-01-22T20:36:14.188+0000] {processor.py:161} INFO - Started process (PID=146) to work on /opt/airflow/dags/welcome_dag2.py
[2024-01-22T20:36:14.189+0000] {processor.py:830} INFO - Processing file /opt/airflow/dags/welcome_dag2.py for tasks to queue
[2024-01-22T20:36:14.191+0000] {logging_mixin.py:188} INFO - [2024-01-22T20:36:14.191+0000] {dagbag.py:538} INFO - Filling up the DagBag from /opt/airflow/dags/welcome_dag2.py
[2024-01-22T20:36:14.250+0000] {processor.py:840} INFO - DAG(s) 'welcome_dag' retrieved from /opt/airflow/dags/welcome_dag2.py
[2024-01-22T20:36:14.301+0000] {logging_mixin.py:188} INFO - [2024-01-22T20:36:14.301+0000] {dag.py:3036} INFO - Sync 1 DAGs
[2024-01-22T20:36:14.350+0000] {logging_mixin.py:188} INFO - [2024-01-22T20:36:14.350+0000] {dag.py:3823} INFO - Setting next_dagrun for welcome_dag to 2024-01-21 23:00:00+00:00, run_after=2024-01-22 23:00:00+00:00
[2024-01-22T20:36:14.603+0000] {processor.py:183} INFO - Processing /opt/airflow/dags/welcome_dag2.py took 0.421 seconds
[2024-01-22T20:36:45.082+0000] {processor.py:161} INFO - Started process (PID=147) to work on /opt/airflow/dags/welcome_dag2.py
[2024-01-22T20:36:45.085+0000] {processor.py:830} INFO - Processing file /opt/airflow/dags/welcome_dag2.py for tasks to queue
[2024-01-22T20:36:45.087+0000] {logging_mixin.py:188} INFO - [2024-01-22T20:36:45.086+0000] {dagbag.py:538} INFO - Filling up the DagBag from /opt/airflow/dags/welcome_dag2.py
[2024-01-22T20:36:45.170+0000] {processor.py:840} INFO - DAG(s) 'welcome_dag' retrieved from /opt/airflow/dags/welcome_dag2.py
[2024-01-22T20:36:45.216+0000] {logging_mixin.py:188} INFO - [2024-01-22T20:36:45.216+0000] {dag.py:3036} INFO - Sync 1 DAGs
[2024-01-22T20:36:45.260+0000] {logging_mixin.py:188} INFO - [2024-01-22T20:36:45.259+0000] {dag.py:3823} INFO - Setting next_dagrun for welcome_dag to 2024-01-21 23:00:00+00:00, run_after=2024-01-22 23:00:00+00:00
[2024-01-22T20:36:45.481+0000] {processor.py:183} INFO - Processing /opt/airflow/dags/welcome_dag2.py took 0.406 seconds
[2024-01-22T20:37:16.109+0000] {processor.py:161} INFO - Started process (PID=148) to work on /opt/airflow/dags/welcome_dag2.py
[2024-01-22T20:37:16.111+0000] {processor.py:830} INFO - Processing file /opt/airflow/dags/welcome_dag2.py for tasks to queue
[2024-01-22T20:37:16.113+0000] {logging_mixin.py:188} INFO - [2024-01-22T20:37:16.112+0000] {dagbag.py:538} INFO - Filling up the DagBag from /opt/airflow/dags/welcome_dag2.py
[2024-01-22T20:37:16.172+0000] {processor.py:840} INFO - DAG(s) 'welcome_dag' retrieved from /opt/airflow/dags/welcome_dag2.py
[2024-01-22T20:37:16.229+0000] {logging_mixin.py:188} INFO - [2024-01-22T20:37:16.229+0000] {dag.py:3036} INFO - Sync 1 DAGs
[2024-01-22T20:37:16.279+0000] {logging_mixin.py:188} INFO - [2024-01-22T20:37:16.278+0000] {dag.py:3823} INFO - Setting next_dagrun for welcome_dag to 2024-01-21 23:00:00+00:00, run_after=2024-01-22 23:00:00+00:00
[2024-01-22T20:37:16.530+0000] {processor.py:183} INFO - Processing /opt/airflow/dags/welcome_dag2.py took 0.425 seconds
[2024-01-22T20:37:47.050+0000] {processor.py:161} INFO - Started process (PID=149) to work on /opt/airflow/dags/welcome_dag2.py
[2024-01-22T20:37:47.053+0000] {processor.py:830} INFO - Processing file /opt/airflow/dags/welcome_dag2.py for tasks to queue
[2024-01-22T20:37:47.056+0000] {logging_mixin.py:188} INFO - [2024-01-22T20:37:47.055+0000] {dagbag.py:538} INFO - Filling up the DagBag from /opt/airflow/dags/welcome_dag2.py
[2024-01-22T20:37:47.123+0000] {processor.py:840} INFO - DAG(s) 'welcome_dag' retrieved from /opt/airflow/dags/welcome_dag2.py
[2024-01-22T20:37:47.171+0000] {logging_mixin.py:188} INFO - [2024-01-22T20:37:47.170+0000] {dag.py:3036} INFO - Sync 1 DAGs
[2024-01-22T20:37:47.331+0000] {logging_mixin.py:188} INFO - [2024-01-22T20:37:47.329+0000] {dag.py:3823} INFO - Setting next_dagrun for welcome_dag to 2024-01-21 23:00:00+00:00, run_after=2024-01-22 23:00:00+00:00
[2024-01-22T20:37:47.751+0000] {processor.py:183} INFO - Processing /opt/airflow/dags/welcome_dag2.py took 0.707 seconds
[2024-01-22T20:38:18.224+0000] {processor.py:161} INFO - Started process (PID=150) to work on /opt/airflow/dags/welcome_dag2.py
[2024-01-22T20:38:18.227+0000] {processor.py:830} INFO - Processing file /opt/airflow/dags/welcome_dag2.py for tasks to queue
[2024-01-22T20:38:18.229+0000] {logging_mixin.py:188} INFO - [2024-01-22T20:38:18.228+0000] {dagbag.py:538} INFO - Filling up the DagBag from /opt/airflow/dags/welcome_dag2.py
[2024-01-22T20:38:18.285+0000] {processor.py:840} INFO - DAG(s) 'welcome_dag' retrieved from /opt/airflow/dags/welcome_dag2.py
[2024-01-22T20:38:18.326+0000] {logging_mixin.py:188} INFO - [2024-01-22T20:38:18.325+0000] {dag.py:3036} INFO - Sync 1 DAGs
[2024-01-22T20:38:18.373+0000] {logging_mixin.py:188} INFO - [2024-01-22T20:38:18.372+0000] {dag.py:3823} INFO - Setting next_dagrun for welcome_dag to 2024-01-21 23:00:00+00:00, run_after=2024-01-22 23:00:00+00:00
[2024-01-22T20:38:18.587+0000] {processor.py:183} INFO - Processing /opt/airflow/dags/welcome_dag2.py took 0.368 seconds
[2024-01-22T20:38:49.031+0000] {processor.py:161} INFO - Started process (PID=151) to work on /opt/airflow/dags/welcome_dag2.py
[2024-01-22T20:38:49.034+0000] {processor.py:830} INFO - Processing file /opt/airflow/dags/welcome_dag2.py for tasks to queue
[2024-01-22T20:38:49.037+0000] {logging_mixin.py:188} INFO - [2024-01-22T20:38:49.037+0000] {dagbag.py:538} INFO - Filling up the DagBag from /opt/airflow/dags/welcome_dag2.py
[2024-01-22T20:38:49.099+0000] {processor.py:840} INFO - DAG(s) 'welcome_dag' retrieved from /opt/airflow/dags/welcome_dag2.py
[2024-01-22T20:38:49.155+0000] {logging_mixin.py:188} INFO - [2024-01-22T20:38:49.154+0000] {dag.py:3036} INFO - Sync 1 DAGs
[2024-01-22T20:38:49.223+0000] {logging_mixin.py:188} INFO - [2024-01-22T20:38:49.223+0000] {dag.py:3823} INFO - Setting next_dagrun for welcome_dag to 2024-01-21 23:00:00+00:00, run_after=2024-01-22 23:00:00+00:00
[2024-01-22T20:38:49.781+0000] {processor.py:183} INFO - Processing /opt/airflow/dags/welcome_dag2.py took 0.756 seconds
