[2024-01-22T19:55:17.992+0000] {manager.py:469} INFO - Processing files using up to 1 processes at a time 
[2024-01-22T19:55:18.012+0000] {manager.py:470} INFO - Process each file at most once every 30 seconds
[2024-01-22T19:55:18.014+0000] {manager.py:471} INFO - Checking for new files in /opt/airflow/dags every 300 seconds
[2024-01-22T19:55:18.018+0000] {manager.py:738} INFO - Searching for files in /opt/airflow/dags
[2024-01-22T19:55:18.133+0000] {manager.py:741} INFO - There are 1 files in /opt/airflow/dags
[2024-01-22T19:55:20.662+0000] {manager.py:879} INFO - 
================================================================================
DAG File Processing Stats

File Path                          PID    Runtime      # DAGs    # Errors  Last Runtime    Last Run
---------------------------------  -----  ---------  --------  ----------  --------------  -------------------
/opt/airflow/dags/welcome_dag2.py                           1           0  2.14s           2024-01-22T19:55:20
================================================================================
[2024-01-22T19:55:53.065+0000] {manager.py:879} INFO - 
================================================================================
DAG File Processing Stats

File Path                          PID    Runtime      # DAGs    # Errors  Last Runtime    Last Run
---------------------------------  -----  ---------  --------  ----------  --------------  -------------------
/opt/airflow/dags/welcome_dag2.py                           1           0  1.63s           2024-01-22T19:55:53
================================================================================
[2024-01-22T19:56:24.688+0000] {manager.py:879} INFO - 
================================================================================
DAG File Processing Stats

File Path                          PID    Runtime      # DAGs    # Errors  Last Runtime    Last Run
---------------------------------  -----  ---------  --------  ----------  --------------  -------------------
/opt/airflow/dags/welcome_dag2.py                           1           0  0.81s           2024-01-22T19:56:24
================================================================================
[2024-01-22T19:56:57.950+0000] {manager.py:879} INFO - 
================================================================================
DAG File Processing Stats

File Path                          PID    Runtime      # DAGs    # Errors  Last Runtime    Last Run
---------------------------------  -----  ---------  --------  ----------  --------------  -------------------
/opt/airflow/dags/welcome_dag2.py                           1           0  3.04s           2024-01-22T19:56:57
================================================================================
[2024-01-22T19:57:28.590+0000] {manager.py:879} INFO - 
================================================================================
DAG File Processing Stats

File Path                          PID    Runtime      # DAGs    # Errors  Last Runtime    Last Run
---------------------------------  -----  ---------  --------  ----------  --------------  -------------------
/opt/airflow/dags/welcome_dag2.py                           1           0  0.61s           2024-01-22T19:57:28
================================================================================
[2024-01-22T19:58:01.974+0000] {manager.py:879} INFO - 
================================================================================
DAG File Processing Stats

File Path                          PID    Runtime      # DAGs    # Errors  Last Runtime    Last Run
---------------------------------  -----  ---------  --------  ----------  --------------  -------------------
/opt/airflow/dags/welcome_dag2.py                           1           0  2.32s           2024-01-22T19:58:01
================================================================================
[2024-01-22T19:58:32.723+0000] {manager.py:879} INFO - 
================================================================================
DAG File Processing Stats

File Path                          PID    Runtime      # DAGs    # Errors  Last Runtime    Last Run
---------------------------------  -----  ---------  --------  ----------  --------------  -------------------
/opt/airflow/dags/welcome_dag2.py                           1           0  0.71s           2024-01-22T19:58:32
================================================================================
[2024-01-22T19:59:03.762+0000] {manager.py:879} INFO - 
================================================================================
DAG File Processing Stats

File Path                          PID    Runtime      # DAGs    # Errors  Last Runtime    Last Run
---------------------------------  -----  ---------  --------  ----------  --------------  -------------------
/opt/airflow/dags/welcome_dag2.py                           1           0  0.92s           2024-01-22T19:59:03
================================================================================
[2024-01-22T19:59:35.546+0000] {manager.py:879} INFO - 
================================================================================
DAG File Processing Stats

File Path                          PID    Runtime      # DAGs    # Errors  Last Runtime    Last Run
---------------------------------  -----  ---------  --------  ----------  --------------  -------------------
/opt/airflow/dags/welcome_dag2.py                           1           0  0.62s           2024-01-22T19:59:35
================================================================================
[2024-01-22T20:00:07.339+0000] {manager.py:879} INFO - 
================================================================================
DAG File Processing Stats

File Path                          PID    Runtime      # DAGs    # Errors  Last Runtime    Last Run
---------------------------------  -----  ---------  --------  ----------  --------------  -------------------
/opt/airflow/dags/welcome_dag2.py                           1           0  0.51s           2024-01-22T20:00:07
================================================================================
[2024-01-22T20:00:19.152+0000] {manager.py:738} INFO - Searching for files in /opt/airflow/dags
[2024-01-22T20:00:19.204+0000] {manager.py:741} INFO - There are 1 files in /opt/airflow/dags
[2024-01-22T20:00:38.366+0000] {manager.py:879} INFO - 
================================================================================
DAG File Processing Stats

File Path                          PID    Runtime      # DAGs    # Errors  Last Runtime    Last Run
---------------------------------  -----  ---------  --------  ----------  --------------  -------------------
/opt/airflow/dags/welcome_dag2.py                           1           0  0.52s           2024-01-22T20:00:38
================================================================================
[2024-01-22T20:01:09.512+0000] {manager.py:879} INFO - 
================================================================================
DAG File Processing Stats

File Path                          PID    Runtime      # DAGs    # Errors  Last Runtime    Last Run
---------------------------------  -----  ---------  --------  ----------  --------------  -------------------
/opt/airflow/dags/welcome_dag2.py                           1           0  0.61s           2024-01-22T20:01:09
================================================================================
[2024-01-22T20:01:40.250+0000] {manager.py:879} INFO - 
================================================================================
DAG File Processing Stats

File Path                          PID    Runtime      # DAGs    # Errors  Last Runtime    Last Run
---------------------------------  -----  ---------  --------  ----------  --------------  -------------------
/opt/airflow/dags/welcome_dag2.py                           1           0  0.53s           2024-01-22T20:01:40
================================================================================
[2024-01-22T20:02:11.155+0000] {manager.py:879} INFO - 
================================================================================
DAG File Processing Stats

File Path                          PID    Runtime      # DAGs    # Errors  Last Runtime    Last Run
---------------------------------  -----  ---------  --------  ----------  --------------  -------------------
/opt/airflow/dags/welcome_dag2.py                           1           0  0.51s           2024-01-22T20:02:11
================================================================================
[2024-01-22T20:02:41.855+0000] {manager.py:879} INFO - 
================================================================================
DAG File Processing Stats

File Path                          PID    Runtime      # DAGs    # Errors  Last Runtime    Last Run
---------------------------------  -----  ---------  --------  ----------  --------------  -------------------
/opt/airflow/dags/welcome_dag2.py                           1           0  0.51s           2024-01-22T20:02:41
================================================================================
[2024-01-22T20:03:12.677+0000] {manager.py:879} INFO - 
================================================================================
DAG File Processing Stats

File Path                          PID    Runtime      # DAGs    # Errors  Last Runtime    Last Run
---------------------------------  -----  ---------  --------  ----------  --------------  -------------------
/opt/airflow/dags/welcome_dag2.py                           1           0  0.51s           2024-01-22T20:03:12
================================================================================
[2024-01-22T20:03:43.536+0000] {manager.py:879} INFO - 
================================================================================
DAG File Processing Stats

File Path                          PID    Runtime      # DAGs    # Errors  Last Runtime    Last Run
---------------------------------  -----  ---------  --------  ----------  --------------  -------------------
/opt/airflow/dags/welcome_dag2.py                           1           0  0.52s           2024-01-22T20:03:43
================================================================================
[2024-01-22T20:04:14.590+0000] {manager.py:879} INFO - 
================================================================================
DAG File Processing Stats

File Path                          PID    Runtime      # DAGs    # Errors  Last Runtime    Last Run
---------------------------------  -----  ---------  --------  ----------  --------------  -------------------
/opt/airflow/dags/welcome_dag2.py                           1           0  0.51s           2024-01-22T20:04:14
================================================================================
[2024-01-22T20:04:45.456+0000] {manager.py:879} INFO - 
================================================================================
DAG File Processing Stats

File Path                          PID    Runtime      # DAGs    # Errors  Last Runtime    Last Run
---------------------------------  -----  ---------  --------  ----------  --------------  -------------------
/opt/airflow/dags/welcome_dag2.py                           1           0  0.51s           2024-01-22T20:04:45
================================================================================
[2024-01-22T20:05:16.303+0000] {manager.py:879} INFO - 
================================================================================
DAG File Processing Stats

File Path                          PID    Runtime      # DAGs    # Errors  Last Runtime    Last Run
---------------------------------  -----  ---------  --------  ----------  --------------  -------------------
/opt/airflow/dags/welcome_dag2.py                           1           0  0.51s           2024-01-22T20:05:16
================================================================================
[2024-01-22T20:05:19.402+0000] {manager.py:738} INFO - Searching for files in /opt/airflow/dags
[2024-01-22T20:05:19.451+0000] {manager.py:741} INFO - There are 1 files in /opt/airflow/dags
[2024-01-22T20:05:47.098+0000] {manager.py:879} INFO - 
================================================================================
DAG File Processing Stats

File Path                          PID    Runtime      # DAGs    # Errors  Last Runtime    Last Run
---------------------------------  -----  ---------  --------  ----------  --------------  -------------------
/opt/airflow/dags/welcome_dag2.py                           1           0  0.51s           2024-01-22T20:05:47
================================================================================
[2024-01-22T20:06:18.487+0000] {manager.py:879} INFO - 
================================================================================
DAG File Processing Stats

File Path                          PID    Runtime      # DAGs    # Errors  Last Runtime    Last Run
---------------------------------  -----  ---------  --------  ----------  --------------  -------------------
/opt/airflow/dags/welcome_dag2.py                           1           0  0.81s           2024-01-22T20:06:18
================================================================================
[2024-01-22T20:06:49.327+0000] {manager.py:879} INFO - 
================================================================================
DAG File Processing Stats

File Path                          PID    Runtime      # DAGs    # Errors  Last Runtime    Last Run
---------------------------------  -----  ---------  --------  ----------  --------------  -------------------
/opt/airflow/dags/welcome_dag2.py                           1           0  0.51s           2024-01-22T20:06:49
================================================================================
[2024-01-22T20:07:20.212+0000] {manager.py:879} INFO - 
================================================================================
DAG File Processing Stats

File Path                          PID    Runtime      # DAGs    # Errors  Last Runtime    Last Run
---------------------------------  -----  ---------  --------  ----------  --------------  -------------------
/opt/airflow/dags/welcome_dag2.py                           1           0  0.51s           2024-01-22T20:07:20
================================================================================
[2024-01-22T20:07:51.071+0000] {manager.py:879} INFO - 
================================================================================
DAG File Processing Stats

File Path                          PID    Runtime      # DAGs    # Errors  Last Runtime    Last Run
---------------------------------  -----  ---------  --------  ----------  --------------  -------------------
/opt/airflow/dags/welcome_dag2.py                           1           0  0.71s           2024-01-22T20:07:51
================================================================================
[2024-01-22T20:08:22.129+0000] {manager.py:879} INFO - 
================================================================================
DAG File Processing Stats

File Path                          PID    Runtime      # DAGs    # Errors  Last Runtime    Last Run
---------------------------------  -----  ---------  --------  ----------  --------------  -------------------
/opt/airflow/dags/welcome_dag2.py                           1           0  0.51s           2024-01-22T20:08:22
================================================================================
[2024-01-22T20:08:53.040+0000] {manager.py:879} INFO - 
================================================================================
DAG File Processing Stats

File Path                          PID    Runtime      # DAGs    # Errors  Last Runtime    Last Run
---------------------------------  -----  ---------  --------  ----------  --------------  -------------------
/opt/airflow/dags/welcome_dag2.py                           1           0  0.61s           2024-01-22T20:08:53
================================================================================
[2024-01-22T20:09:23.776+0000] {manager.py:879} INFO - 
================================================================================
DAG File Processing Stats

File Path                          PID    Runtime      # DAGs    # Errors  Last Runtime    Last Run
---------------------------------  -----  ---------  --------  ----------  --------------  -------------------
/opt/airflow/dags/welcome_dag2.py                           1           0  0.61s           2024-01-22T20:09:23
================================================================================
[2024-01-22T20:09:54.510+0000] {manager.py:879} INFO - 
================================================================================
DAG File Processing Stats

File Path                          PID    Runtime      # DAGs    # Errors  Last Runtime    Last Run
---------------------------------  -----  ---------  --------  ----------  --------------  -------------------
/opt/airflow/dags/welcome_dag2.py                           1           0  0.41s           2024-01-22T20:09:54
================================================================================
[2024-01-22T20:10:19.857+0000] {manager.py:738} INFO - Searching for files in /opt/airflow/dags
[2024-01-22T20:10:19.908+0000] {manager.py:741} INFO - There are 1 files in /opt/airflow/dags
[2024-01-22T20:10:25.269+0000] {manager.py:879} INFO - 
================================================================================
DAG File Processing Stats

File Path                          PID    Runtime      # DAGs    # Errors  Last Runtime    Last Run
---------------------------------  -----  ---------  --------  ----------  --------------  -------------------
/opt/airflow/dags/welcome_dag2.py                           1           0  0.51s           2024-01-22T20:10:25
================================================================================
[2024-01-22T20:10:55.754+0000] {manager.py:879} INFO - 
================================================================================
DAG File Processing Stats

File Path                          PID    Runtime      # DAGs    # Errors  Last Runtime    Last Run
---------------------------------  -----  ---------  --------  ----------  --------------  -------------------
/opt/airflow/dags/welcome_dag2.py                           1           0  0.41s           2024-01-22T20:10:55
================================================================================
[2024-01-22T20:11:26.662+0000] {manager.py:879} INFO - 
================================================================================
DAG File Processing Stats

File Path                          PID    Runtime      # DAGs    # Errors  Last Runtime    Last Run
---------------------------------  -----  ---------  --------  ----------  --------------  -------------------
/opt/airflow/dags/welcome_dag2.py                           1           0  0.51s           2024-01-22T20:11:26
================================================================================
[2024-01-22T20:11:57.477+0000] {manager.py:879} INFO - 
================================================================================
DAG File Processing Stats

File Path                          PID    Runtime      # DAGs    # Errors  Last Runtime    Last Run
---------------------------------  -----  ---------  --------  ----------  --------------  -------------------
/opt/airflow/dags/welcome_dag2.py                           1           0  0.51s           2024-01-22T20:11:57
================================================================================
[2024-01-22T20:12:28.529+0000] {manager.py:879} INFO - 
================================================================================
DAG File Processing Stats

File Path                          PID    Runtime      # DAGs    # Errors  Last Runtime    Last Run
---------------------------------  -----  ---------  --------  ----------  --------------  -------------------
/opt/airflow/dags/welcome_dag2.py                           1           0  0.81s           2024-01-22T20:12:28
================================================================================
[2024-01-22T20:12:59.606+0000] {manager.py:879} INFO - 
================================================================================
DAG File Processing Stats

File Path                          PID    Runtime      # DAGs    # Errors  Last Runtime    Last Run
---------------------------------  -----  ---------  --------  ----------  --------------  -------------------
/opt/airflow/dags/welcome_dag2.py                           1           0  0.71s           2024-01-22T20:12:59
================================================================================
[2024-01-22T20:13:30.482+0000] {manager.py:879} INFO - 
================================================================================
DAG File Processing Stats

File Path                          PID    Runtime      # DAGs    # Errors  Last Runtime    Last Run
---------------------------------  -----  ---------  --------  ----------  --------------  -------------------
/opt/airflow/dags/welcome_dag2.py                           1           0  0.51s           2024-01-22T20:13:30
================================================================================
[2024-01-22T20:14:01.322+0000] {manager.py:879} INFO - 
================================================================================
DAG File Processing Stats

File Path                          PID    Runtime      # DAGs    # Errors  Last Runtime    Last Run
---------------------------------  -----  ---------  --------  ----------  --------------  -------------------
/opt/airflow/dags/welcome_dag2.py                           1           0  0.51s           2024-01-22T20:14:01
================================================================================
[2024-01-22T20:14:32.176+0000] {manager.py:879} INFO - 
================================================================================
DAG File Processing Stats

File Path                          PID    Runtime      # DAGs    # Errors  Last Runtime    Last Run
---------------------------------  -----  ---------  --------  ----------  --------------  -------------------
/opt/airflow/dags/welcome_dag2.py                           1           0  0.52s           2024-01-22T20:14:32
================================================================================
[2024-01-22T20:15:02.868+0000] {manager.py:879} INFO - 
================================================================================
DAG File Processing Stats

File Path                          PID    Runtime      # DAGs    # Errors  Last Runtime    Last Run
---------------------------------  -----  ---------  --------  ----------  --------------  -------------------
/opt/airflow/dags/welcome_dag2.py                           1           0  0.41s           2024-01-22T20:15:02
================================================================================
[2024-01-22T20:15:20.014+0000] {manager.py:738} INFO - Searching for files in /opt/airflow/dags
[2024-01-22T20:15:20.073+0000] {manager.py:741} INFO - There are 1 files in /opt/airflow/dags
[2024-01-22T20:15:33.748+0000] {manager.py:879} INFO - 
================================================================================
DAG File Processing Stats

File Path                          PID    Runtime      # DAGs    # Errors  Last Runtime    Last Run
---------------------------------  -----  ---------  --------  ----------  --------------  -------------------
/opt/airflow/dags/welcome_dag2.py                           1           0  0.51s           2024-01-22T20:15:33
================================================================================
[2024-01-22T20:16:04.760+0000] {manager.py:879} INFO - 
================================================================================
DAG File Processing Stats

File Path                          PID    Runtime      # DAGs    # Errors  Last Runtime    Last Run
---------------------------------  -----  ---------  --------  ----------  --------------  -------------------
/opt/airflow/dags/welcome_dag2.py                           1           0  0.82s           2024-01-22T20:16:04
================================================================================
[2024-01-22T20:16:35.992+0000] {manager.py:879} INFO - 
================================================================================
DAG File Processing Stats

File Path                          PID    Runtime      # DAGs    # Errors  Last Runtime    Last Run
---------------------------------  -----  ---------  --------  ----------  --------------  -------------------
/opt/airflow/dags/welcome_dag2.py                           1           0  0.97s           2024-01-22T20:16:35
================================================================================
[2024-01-22T20:17:06.616+0000] {manager.py:879} INFO - 
================================================================================
DAG File Processing Stats

File Path                          PID    Runtime      # DAGs    # Errors  Last Runtime    Last Run
---------------------------------  -----  ---------  --------  ----------  --------------  -------------------
/opt/airflow/dags/welcome_dag2.py                           1           0  0.56s           2024-01-22T20:17:06
================================================================================
[2024-01-22T20:17:37.569+0000] {manager.py:879} INFO - 
================================================================================
DAG File Processing Stats

File Path                          PID    Runtime      # DAGs    # Errors  Last Runtime    Last Run
---------------------------------  -----  ---------  --------  ----------  --------------  -------------------
/opt/airflow/dags/welcome_dag2.py                           1           0  0.51s           2024-01-22T20:17:37
================================================================================
[2024-01-22T20:18:08.399+0000] {manager.py:879} INFO - 
================================================================================
DAG File Processing Stats

File Path                          PID    Runtime      # DAGs    # Errors  Last Runtime    Last Run
---------------------------------  -----  ---------  --------  ----------  --------------  -------------------
/opt/airflow/dags/welcome_dag2.py                           1           0  0.51s           2024-01-22T20:18:08
================================================================================
[2024-01-22T20:18:39.353+0000] {manager.py:879} INFO - 
================================================================================
DAG File Processing Stats

File Path                          PID    Runtime      # DAGs    # Errors  Last Runtime    Last Run
---------------------------------  -----  ---------  --------  ----------  --------------  -------------------
/opt/airflow/dags/welcome_dag2.py                           1           0  0.42s           2024-01-22T20:18:39
================================================================================
[2024-01-22T20:19:10.188+0000] {manager.py:879} INFO - 
================================================================================
DAG File Processing Stats

File Path                          PID    Runtime      # DAGs    # Errors  Last Runtime    Last Run
---------------------------------  -----  ---------  --------  ----------  --------------  -------------------
/opt/airflow/dags/welcome_dag2.py                           1           0  0.61s           2024-01-22T20:19:10
================================================================================
[2024-01-22T20:19:40.935+0000] {manager.py:879} INFO - 
================================================================================
DAG File Processing Stats

File Path                          PID    Runtime      # DAGs    # Errors  Last Runtime    Last Run
---------------------------------  -----  ---------  --------  ----------  --------------  -------------------
/opt/airflow/dags/welcome_dag2.py                           1           0  0.41s           2024-01-22T20:19:40
================================================================================
[2024-01-22T20:20:11.732+0000] {manager.py:879} INFO - 
================================================================================
DAG File Processing Stats

File Path                          PID    Runtime      # DAGs    # Errors  Last Runtime    Last Run
---------------------------------  -----  ---------  --------  ----------  --------------  -------------------
/opt/airflow/dags/welcome_dag2.py                           1           0  0.41s           2024-01-22T20:20:11
================================================================================
[2024-01-22T20:20:20.528+0000] {manager.py:738} INFO - Searching for files in /opt/airflow/dags
[2024-01-22T20:20:20.569+0000] {manager.py:741} INFO - There are 1 files in /opt/airflow/dags
[2024-01-22T20:20:42.761+0000] {manager.py:879} INFO - 
================================================================================
DAG File Processing Stats

File Path                          PID    Runtime      # DAGs    # Errors  Last Runtime    Last Run
---------------------------------  -----  ---------  --------  ----------  --------------  -------------------
/opt/airflow/dags/welcome_dag2.py                           1           0  0.61s           2024-01-22T20:20:42
================================================================================
[2024-01-22T20:21:13.471+0000] {manager.py:879} INFO - 
================================================================================
DAG File Processing Stats

File Path                          PID    Runtime      # DAGs    # Errors  Last Runtime    Last Run
---------------------------------  -----  ---------  --------  ----------  --------------  -------------------
/opt/airflow/dags/welcome_dag2.py                           1           0  0.51s           2024-01-22T20:21:13
================================================================================
[2024-01-22T20:21:44.356+0000] {manager.py:879} INFO - 
================================================================================
DAG File Processing Stats

File Path                          PID    Runtime      # DAGs    # Errors  Last Runtime    Last Run
---------------------------------  -----  ---------  --------  ----------  --------------  -------------------
/opt/airflow/dags/welcome_dag2.py                           1           0  0.51s           2024-01-22T20:21:44
================================================================================
[2024-01-22T20:22:15.177+0000] {manager.py:879} INFO - 
================================================================================
DAG File Processing Stats

File Path                          PID    Runtime      # DAGs    # Errors  Last Runtime    Last Run
---------------------------------  -----  ---------  --------  ----------  --------------  -------------------
/opt/airflow/dags/welcome_dag2.py                           1           0  0.41s           2024-01-22T20:22:15
================================================================================
[2024-01-22T20:22:45.884+0000] {manager.py:879} INFO - 
================================================================================
DAG File Processing Stats

File Path                          PID    Runtime      # DAGs    # Errors  Last Runtime    Last Run
---------------------------------  -----  ---------  --------  ----------  --------------  -------------------
/opt/airflow/dags/welcome_dag2.py                           1           0  0.41s           2024-01-22T20:22:45
================================================================================
[2024-01-22T20:23:16.763+0000] {manager.py:879} INFO - 
================================================================================
DAG File Processing Stats

File Path                          PID    Runtime      # DAGs    # Errors  Last Runtime    Last Run
---------------------------------  -----  ---------  --------  ----------  --------------  -------------------
/opt/airflow/dags/welcome_dag2.py                           1           0  0.41s           2024-01-22T20:23:16
================================================================================
[2024-01-22T20:23:47.563+0000] {manager.py:879} INFO - 
================================================================================
DAG File Processing Stats

File Path                          PID    Runtime      # DAGs    # Errors  Last Runtime    Last Run
---------------------------------  -----  ---------  --------  ----------  --------------  -------------------
/opt/airflow/dags/welcome_dag2.py                           1           0  0.41s           2024-01-22T20:23:47
================================================================================
[2024-01-22T20:24:18.322+0000] {manager.py:879} INFO - 
================================================================================
DAG File Processing Stats

File Path                          PID    Runtime      # DAGs    # Errors  Last Runtime    Last Run
---------------------------------  -----  ---------  --------  ----------  --------------  -------------------
/opt/airflow/dags/welcome_dag2.py                           1           0  0.41s           2024-01-22T20:24:18
================================================================================
[2024-01-22T20:24:49.265+0000] {manager.py:879} INFO - 
================================================================================
DAG File Processing Stats

File Path                          PID    Runtime      # DAGs    # Errors  Last Runtime    Last Run
---------------------------------  -----  ---------  --------  ----------  --------------  -------------------
/opt/airflow/dags/welcome_dag2.py                           1           0  0.51s           2024-01-22T20:24:49
================================================================================
[2024-01-22T20:25:20.398+0000] {manager.py:879} INFO - 
================================================================================
DAG File Processing Stats

File Path                          PID    Runtime      # DAGs    # Errors  Last Runtime    Last Run
---------------------------------  -----  ---------  --------  ----------  --------------  -------------------
/opt/airflow/dags/welcome_dag2.py                           1           0  0.81s           2024-01-22T20:25:20
================================================================================
[2024-01-22T20:25:21.363+0000] {manager.py:738} INFO - Searching for files in /opt/airflow/dags
[2024-01-22T20:25:21.406+0000] {manager.py:741} INFO - There are 1 files in /opt/airflow/dags
[2024-01-22T20:25:51.430+0000] {manager.py:879} INFO - 
================================================================================
DAG File Processing Stats

File Path                          PID    Runtime      # DAGs    # Errors  Last Runtime    Last Run
---------------------------------  -----  ---------  --------  ----------  --------------  -------------------
/opt/airflow/dags/welcome_dag2.py                           1           0  0.81s           2024-01-22T20:25:51
================================================================================
[2024-01-22T20:26:22.285+0000] {manager.py:879} INFO - 
================================================================================
DAG File Processing Stats

File Path                          PID    Runtime      # DAGs    # Errors  Last Runtime    Last Run
---------------------------------  -----  ---------  --------  ----------  --------------  -------------------
/opt/airflow/dags/welcome_dag2.py                           1           0  0.51s           2024-01-22T20:26:22
================================================================================
[2024-01-22T20:26:53.215+0000] {manager.py:879} INFO - 
================================================================================
DAG File Processing Stats

File Path                          PID    Runtime      # DAGs    # Errors  Last Runtime    Last Run
---------------------------------  -----  ---------  --------  ----------  --------------  -------------------
/opt/airflow/dags/welcome_dag2.py                           1           0  0.61s           2024-01-22T20:26:53
================================================================================
[2024-01-22T20:27:23.941+0000] {manager.py:879} INFO - 
================================================================================
DAG File Processing Stats

File Path                          PID    Runtime      # DAGs    # Errors  Last Runtime    Last Run
---------------------------------  -----  ---------  --------  ----------  --------------  -------------------
/opt/airflow/dags/welcome_dag2.py                           1           0  0.51s           2024-01-22T20:27:23
================================================================================
[2024-01-22T20:27:54.945+0000] {manager.py:879} INFO - 
================================================================================
DAG File Processing Stats

File Path                          PID    Runtime      # DAGs    # Errors  Last Runtime    Last Run
---------------------------------  -----  ---------  --------  ----------  --------------  -------------------
/opt/airflow/dags/welcome_dag2.py                           1           0  0.61s           2024-01-22T20:27:54
================================================================================
[2024-01-22T20:28:25.996+0000] {manager.py:879} INFO - 
================================================================================
DAG File Processing Stats

File Path                          PID    Runtime      # DAGs    # Errors  Last Runtime    Last Run
---------------------------------  -----  ---------  --------  ----------  --------------  -------------------
/opt/airflow/dags/welcome_dag2.py                           1           0  0.71s           2024-01-22T20:28:25
================================================================================
[2024-01-22T20:28:57.372+0000] {manager.py:879} INFO - 
================================================================================
DAG File Processing Stats

File Path                          PID    Runtime      # DAGs    # Errors  Last Runtime    Last Run
---------------------------------  -----  ---------  --------  ----------  --------------  -------------------
/opt/airflow/dags/welcome_dag2.py                           1           0  0.51s           2024-01-22T20:28:57
================================================================================
[2024-01-22T20:29:28.689+0000] {manager.py:879} INFO - 
================================================================================
DAG File Processing Stats

File Path                          PID    Runtime      # DAGs    # Errors  Last Runtime    Last Run
---------------------------------  -----  ---------  --------  ----------  --------------  -------------------
/opt/airflow/dags/welcome_dag2.py                           1           0  0.51s           2024-01-22T20:29:28
================================================================================
[2024-01-22T20:29:59.509+0000] {manager.py:879} INFO - 
================================================================================
DAG File Processing Stats

File Path                          PID    Runtime      # DAGs    # Errors  Last Runtime    Last Run
---------------------------------  -----  ---------  --------  ----------  --------------  -------------------
/opt/airflow/dags/welcome_dag2.py                           1           0  0.51s           2024-01-22T20:29:59
================================================================================
[2024-01-22T20:30:21.982+0000] {manager.py:738} INFO - Searching for files in /opt/airflow/dags
[2024-01-22T20:30:22.047+0000] {manager.py:741} INFO - There are 1 files in /opt/airflow/dags
[2024-01-22T20:30:30.269+0000] {manager.py:879} INFO - 
================================================================================
DAG File Processing Stats

File Path                          PID    Runtime      # DAGs    # Errors  Last Runtime    Last Run
---------------------------------  -----  ---------  --------  ----------  --------------  -------------------
/opt/airflow/dags/welcome_dag2.py                           1           0  0.41s           2024-01-22T20:30:30
================================================================================
[2024-01-22T20:31:00.766+0000] {manager.py:879} INFO - 
================================================================================
DAG File Processing Stats

File Path                          PID    Runtime      # DAGs    # Errors  Last Runtime    Last Run
---------------------------------  -----  ---------  --------  ----------  --------------  -------------------
/opt/airflow/dags/welcome_dag2.py                           1           0  0.41s           2024-01-22T20:31:00
================================================================================
[2024-01-22T20:31:31.827+0000] {manager.py:879} INFO - 
================================================================================
DAG File Processing Stats

File Path                          PID    Runtime      # DAGs    # Errors  Last Runtime    Last Run
---------------------------------  -----  ---------  --------  ----------  --------------  -------------------
/opt/airflow/dags/welcome_dag2.py                           1           0  0.51s           2024-01-22T20:31:31
================================================================================
[2024-01-22T20:32:02.968+0000] {manager.py:879} INFO - 
================================================================================
DAG File Processing Stats

File Path                          PID    Runtime      # DAGs    # Errors  Last Runtime    Last Run
---------------------------------  -----  ---------  --------  ----------  --------------  -------------------
/opt/airflow/dags/welcome_dag2.py                           1           0  0.61s           2024-01-22T20:32:02
================================================================================
[2024-01-22T20:32:34.162+0000] {manager.py:879} INFO - 
================================================================================
DAG File Processing Stats

File Path                          PID    Runtime      # DAGs    # Errors  Last Runtime    Last Run
---------------------------------  -----  ---------  --------  ----------  --------------  -------------------
/opt/airflow/dags/welcome_dag2.py                           1           0  0.61s           2024-01-22T20:32:34
================================================================================
[2024-01-22T20:33:07.226+0000] {manager.py:879} INFO - 
================================================================================
DAG File Processing Stats

File Path                          PID    Runtime      # DAGs    # Errors  Last Runtime    Last Run
---------------------------------  -----  ---------  --------  ----------  --------------  -------------------
/opt/airflow/dags/welcome_dag2.py                           1           0  2.90s           2024-01-22T20:33:07
================================================================================
[2024-01-22T20:33:38.958+0000] {manager.py:879} INFO - 
================================================================================
DAG File Processing Stats

File Path                          PID    Runtime      # DAGs    # Errors  Last Runtime    Last Run
---------------------------------  -----  ---------  --------  ----------  --------------  -------------------
/opt/airflow/dags/welcome_dag2.py                           1           0  1.01s           2024-01-22T20:33:38
================================================================================
[2024-01-22T20:34:09.932+0000] {manager.py:879} INFO - 
================================================================================
DAG File Processing Stats

File Path                          PID    Runtime      # DAGs    # Errors  Last Runtime    Last Run
---------------------------------  -----  ---------  --------  ----------  --------------  -------------------
/opt/airflow/dags/welcome_dag2.py                           1           0  0.51s           2024-01-22T20:34:09
================================================================================
[2024-01-22T20:34:40.964+0000] {manager.py:879} INFO - 
================================================================================
DAG File Processing Stats

File Path                          PID    Runtime      # DAGs    # Errors  Last Runtime    Last Run
---------------------------------  -----  ---------  --------  ----------  --------------  -------------------
/opt/airflow/dags/welcome_dag2.py                           1           0  0.71s           2024-01-22T20:34:40
================================================================================
[2024-01-22T20:35:12.448+0000] {manager.py:879} INFO - 
================================================================================
DAG File Processing Stats

File Path                          PID    Runtime      # DAGs    # Errors  Last Runtime    Last Run
---------------------------------  -----  ---------  --------  ----------  --------------  -------------------
/opt/airflow/dags/welcome_dag2.py                           1           0  1.11s           2024-01-22T20:35:12
================================================================================
[2024-01-22T20:35:22.301+0000] {manager.py:738} INFO - Searching for files in /opt/airflow/dags
[2024-01-22T20:35:22.389+0000] {manager.py:741} INFO - There are 1 files in /opt/airflow/dags
[2024-01-22T20:35:44.025+0000] {manager.py:879} INFO - 
================================================================================
DAG File Processing Stats

File Path                          PID    Runtime      # DAGs    # Errors  Last Runtime    Last Run
---------------------------------  -----  ---------  --------  ----------  --------------  -------------------
/opt/airflow/dags/welcome_dag2.py                           1           0  1.21s           2024-01-22T20:35:44
================================================================================
[2024-01-22T20:36:14.663+0000] {manager.py:879} INFO - 
================================================================================
DAG File Processing Stats

File Path                          PID    Runtime      # DAGs    # Errors  Last Runtime    Last Run
---------------------------------  -----  ---------  --------  ----------  --------------  -------------------
/opt/airflow/dags/welcome_dag2.py                           1           0  0.51s           2024-01-22T20:36:14
================================================================================
[2024-01-22T20:36:45.557+0000] {manager.py:879} INFO - 
================================================================================
DAG File Processing Stats

File Path                          PID    Runtime      # DAGs    # Errors  Last Runtime    Last Run
---------------------------------  -----  ---------  --------  ----------  --------------  -------------------
/opt/airflow/dags/welcome_dag2.py                           1           0  0.51s           2024-01-22T20:36:45
================================================================================
[2024-01-22T20:37:16.585+0000] {manager.py:879} INFO - 
================================================================================
DAG File Processing Stats

File Path                          PID    Runtime      # DAGs    # Errors  Last Runtime    Last Run
---------------------------------  -----  ---------  --------  ----------  --------------  -------------------
/opt/airflow/dags/welcome_dag2.py                           1           0  0.51s           2024-01-22T20:37:16
================================================================================
[2024-01-22T20:37:47.817+0000] {manager.py:879} INFO - 
================================================================================
DAG File Processing Stats

File Path                          PID    Runtime      # DAGs    # Errors  Last Runtime    Last Run
---------------------------------  -----  ---------  --------  ----------  --------------  -------------------
/opt/airflow/dags/welcome_dag2.py                           1           0  0.81s           2024-01-22T20:37:47
================================================================================
[2024-01-22T20:38:18.602+0000] {manager.py:879} INFO - 
================================================================================
DAG File Processing Stats

File Path                          PID    Runtime      # DAGs    # Errors  Last Runtime    Last Run
---------------------------------  -----  ---------  --------  ----------  --------------  -------------------
/opt/airflow/dags/welcome_dag2.py                           1           0  0.41s           2024-01-22T20:38:18
================================================================================
[2024-01-22T20:38:49.806+0000] {manager.py:879} INFO - 
================================================================================
DAG File Processing Stats

File Path                          PID    Runtime      # DAGs    # Errors  Last Runtime    Last Run
---------------------------------  -----  ---------  --------  ----------  --------------  -------------------
/opt/airflow/dags/welcome_dag2.py                           1           0  0.81s           2024-01-22T20:38:49
================================================================================
